dist[0][0]: -1dist[0][1]: 1dist[0][2]: -1dist[1][0]: -1dist[1][1]: -1dist[1][2]: 1dist[2][0]: -1dist[2][1]: -1dist[2][2]: -1        -11-1
-1-11
-1-1-1

        -11-1
-1-11
-1-1-1

        -112
-1-11
-1-1-1

Case #1: 0.67
dist[0][0]: -1dist[0][1]: 1dist[0][2]: -1dist[0][3]: -1dist[1][0]: -1dist[1][1]: -1dist[1][2]: 1dist[1][3]: -1dist[2][0]: -1dist[2][1]: -1dist[2][2]: -1dist[2][3]: 10dist[3][0]: -1dist[3][1]: -1dist[3][2]: -1dist[3][3]: -1        -11-1-1
-1-11-1
-1-1-110
-1-1-1-1

        -11-1-1
-1-11-1
-1-1-110
-1-1-1-1

        -112-1
-1-11-1
-1-1-110
-1-1-1-1

        -11212
-1-1111
-1-1-110
-1-1-1-1

Case #2: 1.2
dist[0][0]: -1dist[0][1]: 10dist[0][2]: -1dist[0][3]: 31dist[1][0]: 10dist[1][1]: -1dist[1][2]: 10dist[1][3]: -1dist[2][0]: -1dist[2][1]: -1dist[2][2]: -1dist[2][3]: 10dist[3][0]: 15dist[3][1]: 6dist[3][2]: -1dist[3][3]: -1        -110-131
10-110-1
-1-1-110
156-1-1

        -110-131
10201041
-1-1-110
156-146

        20102031
10201041
-1-1-110
1561646

        20102030
10201020
-1-1-110
1561626

