Case #1: Nanokitchen DentalOffice SwagStore BlueBottle FoxGazebo SonOfPingAndPong VerveCoffee ChosHawkerCenter NailPolishRoomBlock Microkitchen
Case #2: MamaPennys FakeCrosswalk DentalOffice NailPolishRoomBlock HotfixBar Harvest ShuttlePlatform ConstitutionDeli BlueBottle BridgeClub LateHarvest VerveCoffee SweetStop HalalTruck SwagStore FreshOrangeJuice ZucksOldOffice FukiSushiInOldenDays CafeEpic SaintFrank Arcade MPK20Roof FoxPainting SugarShack ZucksOffice FullCircle LivingTheDream Helpdesk WallOfPhones RainbowStairs
Case #3: WallOfPhones ConstitutionDeli BridgeClub TuringInDominoes BahnAppetit ZucksOffice OculusDemoLab Microkitchen Arcade ShuttlePlatform NailPolishRoomBlock SweetStop SwagStore HackerSquare TechVendingMachine SonOfPingAndPong
Case #4: ZucksOldOffice FullCircle TransportationHub Helpdesk LivingTheDream
Case #5: TransportationHub SaintFrank
Case #6: OculusDemoLab Nanokitchen MPK20Roof CafeEpic LivingTheDream TuringInDominoes BurgerShack DentalOffice NailPolishRoomBlock Sol Harvest SonOfPingAndPong SwagStore FakeCrosswalk FoxGazebo TechVendingMachine FullCircle ZucksOldOffice ConstitutionDeli SugarShack PopUpShop FukiSushiInOldenDays ZucksOffice FoxPainting BlueBottle SweetStop MamaPennys RainbowStairs WallOfPhones LightningBolts SaintFrank ShuttlePlatform ChosHawkerCenter Arcade TransportationHub HackerSquare WoodenSculpture PhilzCoffee Microkitchen BahnAppetit
Case #7: Helpdesk ChosHawkerCenter SugarShack BlueBottle LivingTheDream
Case #8: WallOfPhones
Case #9: ZucksOffice SweetStop
Case #10: CafeEpic SonOfPingAndPong FoxPainting BlueBottle Arcade SwagStore Sol BurgerShack FoxGazebo HotfixBar HalalTruck BridgeClub OculusDemoLab MPK20Roof Nanokitchen SugarShack ZucksOldOffice HackerSquare SaintFrank FakeCrosswalk Helpdesk ZucksOffice FukiSushiInOldenDays NailPolishRoomBlock LivingTheDream DentalOffice Harvest BahnAppetit WoodenSculpture PopUpShop LightningBolts MamaPennys FullCircle ConstitutionDeli Microkitchen PhilzCoffee WallOfPhones RainbowStairs VerveCoffee FreshOrangeJuice TransportationHub SweetStop TuringInDominoes
Case #11: LateHarvest HalalTruck LightningBolts MamaPennys Harvest Helpdesk DentalOffice ColdBrewMachine TransportationHub SonOfPingAndPong RainbowStairs LikeSign FakeCrosswalk Ballpit FukiSushiInOldenDays FullCircle SugarShack CafeEpic FreshOrangeJuice ShuttlePlatform Nanokitchen TuringInDominoes NailPolishRoomBlock MPK20Roof BurgerShack SaintFrank HackerSquare
Case #12: HotfixBar
Case #13: ChosHawkerCenter Arcade FoxGazebo FukiSushiInOldenDays WallOfPhones HackerSquare VerveCoffee BurgerShack HotfixBar FreshOrangeJuice WoodenSculpture
Case #14: HackerSquare OculusDemoLab ZucksOldOffice FakeCrosswalk BridgeClub Harvest LateHarvest WoodenSculpture ZucksOffice Microkitchen LightningBolts Sol BlueBottle FullCircle SaintFrank SonOfPingAndPong PopUpShop LivingTheDream TransportationHub LikeSign Arcade BurgerShack ConstitutionDeli Nanokitchen ChosHawkerCenter SweetStop CafeEpic DentalOffice MamaPennys RainbowStairs FoxGazebo NailPolishRoomBlock
Case #15: HotfixBar MamaPennys SweetStop SwagStore Microkitchen FullCircle ZucksOldOffice ConstitutionDeli FoxGazebo
Case #16: ZucksOldOffice Harvest PopUpShop SonOfPingAndPong LikeSign SwagStore PhilzCoffee
Case #17: Arcade ConstitutionDeli HotfixBar
Case #18: Harvest FukiSushiInOldenDays ZucksOldOffice NailPolishRoomBlock MPK20Roof
Case #19: RainbowStairs WallOfPhones FoxGazebo Helpdesk Arcade Harvest NailPolishRoomBlock FullCircle PopUpShop OculusDemoLab SaintFrank MamaPennys Sol FoxPainting HalalTruck LateHarvest FakeCrosswalk SugarShack BlueBottle SweetStop TuringInDominoes CafeEpic LivingTheDream DentalOffice ZucksOffice SonOfPingAndPong Nanokitchen ColdBrewMachine MPK20Roof WoodenSculpture PhilzCoffee BahnAppetit SwagStore FreshOrangeJuice ConstitutionDeli ShuttlePlatform LightningBolts ZucksOldOffice LikeSign TechVendingMachine Ballpit
Case #20: SaintFrank HotfixBar Ballpit MPK20Roof PopUpShop ChosHawkerCenter HalalTruck FoxPainting Sol LivingTheDream SweetStop WallOfPhones HackerSquare LateHarvest TuringInDominoes LightningBolts ColdBrewMachine BurgerShack Nanokitchen
Case #21: SaintFrank SonOfPingAndPong WallOfPhones SweetStop VerveCoffee WoodenSculpture Nanokitchen
Case #22: ShuttlePlatform BlueBottle
Case #23: ZucksOldOffice ChosHawkerCenter Harvest SonOfPingAndPong Nanokitchen TuringInDominoes HotfixBar MPK20Roof FoxGazebo Arcade HackerSquare Ballpit FukiSushiInOldenDays SugarShack CafeEpic Helpdesk ColdBrewMachine
Case #24: PhilzCoffee NailPolishRoomBlock FukiSushiInOldenDays ColdBrewMachine
Case #25: LivingTheDream Harvest PhilzCoffee MamaPennys
Case #26: SonOfPingAndPong
Case #27: LateHarvest ZucksOldOffice CafeEpic MPK20Roof SwagStore Microkitchen NailPolishRoomBlock FullCircle TuringInDominoes FukiSushiInOldenDays Harvest WoodenSculpture Arcade FoxGazebo WallOfPhones LikeSign ZucksOffice BridgeClub HackerSquare Nanokitchen BurgerShack FakeCrosswalk ConstitutionDeli
Case #28: OculusDemoLab Ballpit ZucksOffice VerveCoffee SugarShack SaintFrank FoxGazebo RainbowStairs Nanokitchen TransportationHub LightningBolts BlueBottle BurgerShack WallOfPhones ConstitutionDeli MPK20Roof ChosHawkerCenter HalalTruck WoodenSculpture MamaPennys PopUpShop CafeEpic LivingTheDream LateHarvest FukiSushiInOldenDays FoxPainting
Case #29: MamaPennys SwagStore LightningBolts FullCircle PhilzCoffee Harvest HackerSquare TransportationHub ShuttlePlatform FoxGazebo NailPolishRoomBlock WallOfPhones BlueBottle PopUpShop LikeSign HotfixBar
Case #30: BridgeClub LivingTheDream SaintFrank ZucksOldOffice
Case #31: Nanokitchen Arcade Ballpit SwagStore FreshOrangeJuice ShuttlePlatform LikeSign HotfixBar LivingTheDream RainbowStairs FoxPainting Harvest BahnAppetit VerveCoffee TransportationHub ConstitutionDeli CafeEpic SweetStop Helpdesk Sol FakeCrosswalk BurgerShack Microkitchen ColdBrewMachine MamaPennys
Case #32: FakeCrosswalk FreshOrangeJuice LightningBolts TuringInDominoes Sol SonOfPingAndPong ColdBrewMachine SaintFrank BahnAppetit
Case #33: WoodenSculpture WallOfPhones OculusDemoLab HalalTruck FreshOrangeJuice LivingTheDream MamaPennys Arcade
Case #34: SweetStop
Case #35: HackerSquare FukiSushiInOldenDays BlueBottle ConstitutionDeli FoxGazebo
Case #36: WallOfPhones CafeEpic
Case #37: SaintFrank Helpdesk ConstitutionDeli SweetStop Microkitchen LateHarvest MamaPennys PhilzCoffee Sol BlueBottle SonOfPingAndPong FullCircle
Case #38: ConstitutionDeli LikeSign FoxGazebo BlueBottle BurgerShack Microkitchen TransportationHub TuringInDominoes SugarShack ZucksOldOffice HotfixBar LateHarvest LightningBolts NailPolishRoomBlock LivingTheDream FullCircle ZucksOffice CafeEpic SaintFrank SonOfPingAndPong OculusDemoLab Nanokitchen
Case #39: MamaPennys FukiSushiInOldenDays FoxPainting
Case #40: LikeSign Arcade SweetStop
Case #41: FullCircle Sol MPK20Roof Arcade FoxPainting HotfixBar
Case #42: VerveCoffee PopUpShop OculusDemoLab ZucksOldOffice ZucksOffice
Case #43: SwagStore CafeEpic FreshOrangeJuice FullCircle WallOfPhones TuringInDominoes HalalTruck
Case #44: FoxPainting Microkitchen FreshOrangeJuice
Case #45: WoodenSculpture
Case #46: ZucksOffice TransportationHub OculusDemoLab ChosHawkerCenter DentalOffice Microkitchen ShuttlePlatform CafeEpic SugarShack TuringInDominoes LivingTheDream ConstitutionDeli
Case #47: Ballpit Helpdesk NailPolishRoomBlock MPK20Roof FullCircle TuringInDominoes BlueBottle OculusDemoLab HackerSquare LivingTheDream FakeCrosswalk FreshOrangeJuice PhilzCoffee FukiSushiInOldenDays Nanokitchen BridgeClub WallOfPhones LateHarvest ConstitutionDeli LikeSign VerveCoffee Microkitchen DentalOffice Sol ChosHawkerCenter TransportationHub ZucksOffice RainbowStairs HotfixBar SonOfPingAndPong BurgerShack PopUpShop Harvest LightningBolts TechVendingMachine HalalTruck
Case #48: SaintFrank OculusDemoLab LikeSign DentalOffice FakeCrosswalk
Case #49: LivingTheDream
Case #50: Nanokitchen PhilzCoffee SaintFrank VerveCoffee LivingTheDream FakeCrosswalk FoxGazebo LikeSign FreshOrangeJuice BurgerShack NailPolishRoomBlock SonOfPingAndPong FoxPainting PopUpShop RainbowStairs TransportationHub ColdBrewMachine ZucksOffice ZucksOldOffice BahnAppetit
Case #51: Helpdesk SonOfPingAndPong MPK20Roof WoodenSculpture CafeEpic LivingTheDream HalalTruck FukiSushiInOldenDays OculusDemoLab
Case #52: LightningBolts VerveCoffee
Case #53: FukiSushiInOldenDays ColdBrewMachine FreshOrangeJuice CafeEpic SwagStore Helpdesk FullCircle MamaPennys BahnAppetit LateHarvest Harvest
Case #54: VerveCoffee LightningBolts BlueBottle SwagStore
Case #55: FreshOrangeJuice ColdBrewMachine OculusDemoLab ZucksOffice FoxPainting Ballpit WoodenSculpture VerveCoffee BlueBottle HackerSquare LikeSign
Case #56: Helpdesk NailPolishRoomBlock HalalTruck ChosHawkerCenter BurgerShack LateHarvest SweetStop FukiSushiInOldenDays Nanokitchen SonOfPingAndPong MamaPennys Sol FullCircle PopUpShop VerveCoffee MPK20Roof ShuttlePlatform HackerSquare RainbowStairs SugarShack ColdBrewMachine LivingTheDream WallOfPhones ZucksOldOffice Ballpit
Case #57: BridgeClub WoodenSculpture DentalOffice FukiSushiInOldenDays BahnAppetit Nanokitchen LivingTheDream TuringInDominoes ShuttlePlatform ZucksOffice TechVendingMachine
Case #58: WoodenSculpture SwagStore HotfixBar HalalTruck MPK20Roof MamaPennys SugarShack ConstitutionDeli
Case #59: TransportationHub BahnAppetit MamaPennys BlueBottle FreshOrangeJuice Microkitchen BurgerShack CafeEpic ShuttlePlatform
Case #60: LivingTheDream
Case #61: TechVendingMachine
Case #62: LikeSign SweetStop SwagStore
Case #63: FukiSushiInOldenDays FoxPainting LivingTheDream Helpdesk Arcade SweetStop RainbowStairs ConstitutionDeli Harvest VerveCoffee TechVendingMachine BlueBottle NailPolishRoomBlock Microkitchen CafeEpic Ballpit DentalOffice FreshOrangeJuice Sol FullCircle Nanokitchen SaintFrank PopUpShop LikeSign HackerSquare FoxGazebo LightningBolts SonOfPingAndPong PhilzCoffee WallOfPhones FakeCrosswalk
Case #64: SaintFrank BlueBottle TransportationHub DentalOffice ColdBrewMachine MamaPennys
Case #65: ZucksOldOffice ZucksOffice BlueBottle TransportationHub
Case #66: BlueBottle NailPolishRoomBlock HackerSquare WallOfPhones LateHarvest BridgeClub Harvest Microkitchen WoodenSculpture ConstitutionDeli LightningBolts DentalOffice FullCircle SugarShack LivingTheDream PopUpShop RainbowStairs ChosHawkerCenter HotfixBar PhilzCoffee ColdBrewMachine ShuttlePlatform MPK20Roof Arcade CafeEpic SweetStop VerveCoffee SwagStore ZucksOffice FukiSushiInOldenDays TransportationHub HalalTruck Sol TechVendingMachine
Case #67: LikeSign Arcade SwagStore
Case #68: TuringInDominoes VerveCoffee FukiSushiInOldenDays ShuttlePlatform TechVendingMachine ColdBrewMachine LightningBolts BridgeClub HotfixBar OculusDemoLab CafeEpic FakeCrosswalk SonOfPingAndPong FullCircle ZucksOffice Arcade SugarShack FoxGazebo MPK20Roof ConstitutionDeli WallOfPhones ChosHawkerCenter WoodenSculpture
Case #69: FoxPainting BahnAppetit SweetStop LightningBolts ChosHawkerCenter ZucksOldOffice
Case #70: LightningBolts Ballpit PopUpShop TuringInDominoes VerveCoffee
Case #71: ShuttlePlatform TuringInDominoes FukiSushiInOldenDays WoodenSculpture TechVendingMachine ZucksOffice LikeSign ZucksOldOffice HalalTruck Sol OculusDemoLab RainbowStairs LightningBolts SugarShack FakeCrosswalk LateHarvest WallOfPhones ConstitutionDeli HotfixBar TransportationHub MamaPennys Arcade Ballpit FoxPainting
Case #72: Harvest TechVendingMachine FreshOrangeJuice LightningBolts Sol DentalOffice
Case #73: ShuttlePlatform
Case #74: PhilzCoffee HalalTruck Microkitchen MPK20Roof ColdBrewMachine
Case #75: MPK20Roof DentalOffice LateHarvest Arcade SonOfPingAndPong FakeCrosswalk BurgerShack HackerSquare FoxGazebo Helpdesk ZucksOldOffice ZucksOffice LivingTheDream SwagStore WallOfPhones LikeSign ChosHawkerCenter BahnAppetit NailPolishRoomBlock Ballpit ShuttlePlatform HotfixBar SweetStop MamaPennys
Case #76: FoxGazebo MPK20Roof WoodenSculpture Biryani
Case #77: Ballpit Harvest TransportationHub
Case #78: ShuttlePlatform NailPolishRoomBlock LightningBolts MamaPennys Microkitchen HalalTruck CafeEpic BahnAppetit PhilzCoffee SaintFrank BurgerShack FoxPainting HotfixBar FoxGazebo HackerSquare SwagStore LikeSign FullCircle Arcade VerveCoffee
Case #79: FullCircle
Case #80: ColdBrewMachine ConstitutionDeli Harvest MamaPennys
