Case #1: 
GGG
CCC
JJJ
Case #2: 
CODE
CODE
JJAM
Case #3: 
CA
KE
Case #4: 
CCCCC
DDDDB
AAAAA
AAAAA
AAAAA
AAAAA
AAAAA
Case #5: 
AAAAAAAAAAAABBBBBBBBBBBBB
AAAAAAAAAAAABBBBBBBBBBBBB
AAAAAAAAAAAABBBBBBBBBBBBB
AAAAAAAAAAAABBBBBBBBBBBBB
AAAAAAAAAAAABBBBBBBBBBBBB
AAAAAAAAAAAABBBBBBBBBBBBB
AAAAAAAAAAAABBBBBBBBBBBBB
AAAAAAAAAAAABBBBBBBBBBBBB
AAAAAAAAAAAABBBBBBBBBBBBB
AAAAAAAAAAAABBBBBBBBBBBBB
AAAAAAAAAAAABBBBBBBBBBBBB
AAAAAAAAAAAABBBBBBBBBBBBB
AAAAAAAAAAAABBBBBBBBBBBBB
AAAAAAAAAAAABBBBBBBBBBBBB
CCCCCCCCCCCCCCCCCCCCCCCCC
DDDDDDDDDDDDDDDDDDDDDDDDD
EEEEEEEEEEEEEEEEEEEEEEEEE
EEEEEEEEEEEEEEEEEEEEEEEEE
EEEEEEEEEEEEEEEEEEEEEEEEE
EEEEEEEEEEEEEEEEEEEEEEEEE
EEEEEEEEEEEEEEEEEEEEEEEEE
EEEEEEEEEEEEEEEEEEEEEEEEE
EEEEEEEEEEEEEEEEEEEEEEEEE
EEEEEEEEEEEEEEEEEEEEEEEEE
EEEEEEEEEEEEEEEEEEEEEEEEE
Case #6: 
EEEEEEEEEEEJJJJJJJJJJJJJJ
XXXXXXXXXXXXXXXXXXXXXXXXX
UUUUUUZAAAFFIKKKKKKKKKKKK
HHHHHHHOODDDGCCCCCCCCCCCC
WWWWWWWWWWYYLPPPPPPPPPPPP
VVVVVVVVVNNBMMMMMMMMMMMMM
TTTTTTTTTTSSSSSSSSSSSSSSS
RRRRRRRRRRRRRRRRRRRRRRRRR
QQQQQQQQQQQQQQQQQQQQQQQQQ
QQQQQQQQQQQQQQQQQQQQQQQQQ
QQQQQQQQQQQQQQQQQQQQQQQQQ
QQQQQQQQQQQQQQQQQQQQQQQQQ
QQQQQQQQQQQQQQQQQQQQQQQQQ
QQQQQQQQQQQQQQQQQQQQQQQQQ
QQQQQQQQQQQQQQQQQQQQQQQQQ
QQQQQQQQQQQQQQQQQQQQQQQQQ
QQQQQQQQQQQQQQQQQQQQQQQQQ
QQQQQQQQQQQQQQQQQQQQQQQQQ
QQQQQQQQQQQQQQQQQQQQQQQQQ
QQQQQQQQQQQQQQQQQQQQQQQQQ
QQQQQQQQQQQQQQQQQQQQQQQQQ
QQQQQQQQQQQQQQQQQQQQQQQQQ
QQQQQQQQQQQQQQQQQQQQQQQQQ
QQQQQQQQQQQQQQQQQQQQQQQQQ
QQQQQQQQQQQQQQQQQQQQQQQQQ
Case #7: 
AAAAAAACCCCCCCCCCCCCCCCCC
AAAAAAACCCCCCCCCCCCCCCCCC
EEEEEEEEEEEEEEEEEEEEEEEEE
EEEEEEEEEEEEEEEEEEEEEEEEE
EEEEEEEEEEEEEEEEEEEEEEEEE
EEEEEEEEEEEEEEEEEEEEEEEEE
BBBBBBBBDDDDDDDDDDDDDDDDD
BBBBBBBBDDDDDDDDDDDDDDDDD
BBBBBBBBDDDDDDDDDDDDDDDDD
BBBBBBBBDDDDDDDDDDDDDDDDD
BBBBBBBBDDDDDDDDDDDDDDDDD
BBBBBBBBDDDDDDDDDDDDDDDDD
BBBBBBBBDDDDDDDDDDDDDDDDD
BBBBBBBBDDDDDDDDDDDDDDDDD
BBBBBBBBDDDDDDDDDDDDDDDDD
BBBBBBBBDDDDDDDDDDDDDDDDD
FFFFFFFFFFFFFFFFFFFFFFGGG
HHHHHHHHHHHHHHHHHHHHHHHHH
IIIIIIIIIIIIIIIIIIIIIIIII
JJJJJJJJJJJJJJJJJJJJJJJJJ
JJJJJJJJJJJJJJJJJJJJJJJJJ
JJJJJJJJJJJJJJJJJJJJJJJJJ
JJJJJJJJJJJJJJJJJJJJJJJJJ
JJJJJJJJJJJJJJJJJJJJJJJJJ
JJJJJJJJJJJJJJJJJJJJJJJJJ
Case #8: 
AAAAAAAAAAAAAAAAAAAAAAAAA
BBBBBBBBBBBBBBBBBBBBBBBBB
CCCCCCCCCCCCCCCCCCCCCCCCC
DDDDDDDDDDDDDDDDDDDDDDDDD
EEEEEEEEEEEEEEEEEEEEEEEEE
FFFFFFFFFFFFFFFFFFFFFFFFF
GGGGGGGGGGGGGGGGGGGGGGGGG
HHHHHHHHHHHHHHHHHHHHHHHHH
IIIIIIIIIIIIIIIIIIIIIIIII
JJJJJJJJJJJJJJJJJJJJJJJJJ
KKKKKKKKKKKKKKKKKKKKKKKKK
LLLLLLLLLLLLLLLLLLLLLLLLL
MMMMMMMMMMMMMMMMMMMMMMMMM
NNNNNNNNNNNNNNNNNNNNNNNNN
OOOOOOOOOOOOOOOOOOOOOOOOO
PPPPPPPPPPPPPPPPPPPPPPPPP
QQQQQQQQQQQQQQQQQQQQQQQQQ
RRRRRRRRRRRRRRRRRRRRRRRRR
SSSSSSSSSSSSSSSSSSSSSSSSS
TTTTTTTTTTTTTTTTTTTTTTTTT
UUUUUUUUUUUUUUUUUUUUUUUUU
VVVVVVVVVVVVVVVVVVVVVVVVV
WWWWWWWWWWWWWWWWWWWWWWWWW
XXXXXXXXXXXXXXXXXXXXXXXXX
YYYYYYYYYYYYYYYYYYYYYYYYY
Case #9: 
AA
AA
Case #10: 
CCCCCCCCCCCCCCCCCCCCCCCCC
CCCCCCCCCCCCCCCCCCCCCCCCC
CCCCCCCCCCCCCCCCCCCCCCCCC
CCCCCCCCCCCCCCCCCCCCCCCCC
CCCCCCCCCCCCCCCCCCCCCCCCC
CCCCCCCCCCCCCCCCCCCCCCCCC
CCCCCCCCCCCCCCCCCCCCCCCCC
CCCCCCCCCCCCCCCCCCCCCCCCC
CCCCCCCCCCCCCCCCCCCCCCCCC
CCCCCCCCCCCCCCCCCCCCCCCCC
CCCCCCCCCCCCCCCCCCCCCCCCC
CCCCCCCCCCCCCCCCCCCCCCCCC
IIIYYYYYYYYYYYYYYYYYYYYYY
IIIYYYYYYYYYYYYYYYYYYYYYY
IIIYYYYYYYYYYYYYYYYYYYYYY
LLLLLLLLLLLLLLLLLLLLLLLLL
LLLLLLLLLLLLLLLLLLLLLLLLL
JPPPPPPPPPPPPPPPPPPPPPPPP
SSTTTTTTTVVVVVVVVVVVVVVVV
QQQFFFFFFFFFFFFFFFFFFFFFF
GGGGGGBBBNNNNNNNNNNNNNNNN
ZZXXXDDDARRRRRRRRRRRRRRRR
UUUUUUUUUUUUUUUUUUUUUUUUU
EEEEOOOOOOOOMMMMMMMMMMMMM
KKKKKKKKKKKHHHWWWWWWWWWWW
Case #11: 
AAAAAAAAABBBBBBBBBBBBBBBB
CCCCCCCCCCCCCCCCCCCCCCCCC
DDDDDDDDDDDDDDDDDDDDDDDDD
EEEEEEEEEEEEEEEEEEEEEEEEE
EEEEEEEEEEEEEEEEEEEEEEEEE
EEEEEEEEEEEEEEEEEEEEEEEEE
EEEEEEEEEEEEEEEEEEEEEEEEE
EEEEEEEEEEEEEEEEEEEEEEEEE
EEEEEEEEEEEEEEEEEEEEEEEEE
EEEEEEEEEEEEEEEEEEEEEEEEE
EEEEEEEEEEEEEEEEEEEEEEEEE
EEEEEEEEEEEEEEEEEEEEEEEEE
FFFFFFFFFFFFFHHHHHHHHHHHH
JJJJJJJJJJJJJJJJJJJJJJJJJ
JJJJJJJJJJJJJJJJJJJJJJJJJ
JJJJJJJJJJJJJJJJJJJJJJJJJ
JJJJJJJJJJJJJJJJJJJJJJJJJ
GGGGGGGGGGGGGGIIIIIIIIIII
GGGGGGGGGGGGGGIIIIIIIIIII
GGGGGGGGGGGGGGIIIIIIIIIII
GGGGGGGGGGGGGGIIIIIIIIIII
GGGGGGGGGGGGGGIIIIIIIIIII
GGGGGGGGGGGGGGIIIIIIIIIII
GGGGGGGGGGGGGGIIIIIIIIIII
GGGGGGGGGGGGGGIIIIIIIIIII
Case #12: 
CCCG
AAAA
DDDH
IEBF
Case #13: 
FIIIIIIIIIIIIIIIIIIIIIIII
FIIIIIIIIIIIIIIIIIIIIIIII
FIIIIIIIIIIIIIIIIIIIIIIII
FIIIIIIIIIIIIIIIIIIIIIIII
FIIIIIIIIIIIIIIIIIIIIIIII
FIIIIIIIIIIIIIIIIIIIIIIII
FIIIIIIIIIIIIIIIIIIIIIIII
FIIIIIIIIIIIIIIIIIIIIIIII
FIIIIIIIIIIIIIIIIIIIIIIII
FIIIIIIIIIIIIIIIIIIIIIIII
FIIIIIIIIIIIIIIIIIIIIIIII
FIIIIIIIIIIIIIIIIIIIIIIII
FIIIIIIIIIIIIIIIIIIIIIIII
FIIIIIIIIIIIIIIIIIIIIIIII
FIIIIIIIIIIIIIIIIIIIIIIII
FIIIIIIIIIIIIIIIIIIIIIIII
FIIIIIIIIIIIIIIIIIIIIIIII
BBRRRRRRRRRRRRRRRRRRRRRRR
ZWWWWWWWWWWWWWWWWWWWWWWWW
YYXDAAAAAAAAAAAAAAAAAAAAA
UUCJTQQQQQQQQQQQQQQQQQQQQ
LHHOSSSSSSSSSSSSSSSSSSSSS
KKVPPPPPPPPPPPPPPPPPPPPPP
MMMMEEEEEEEEEEEEEEEEEEEEE
GGGGGNNNNNNNNNNNNNNNNNNNN
Case #14: 
AAAAAAAAAAAAAAAAAAAAAAAAA
AAAAAAAAAAAAAAAAAAAAAAAAA
AAAAAAAAAAAAAAAAAAAAAAAAA
AAAAAAAAAAAAAAAAAAAAAAAAA
AAAAAAAAAAAAAAAAAAAAAAAAA
AAAAAAAAAAAAAAAAAAAAAAAAA
AAAAAAAAAAAAAAAAAAAAAAAAA
AAAAAAAAAAAAAAAAAAAAAAAAA
AAAAAAAAAAAAAAAAAAAAAAAAA
AAAAAAAAAAAAAAAAAAAAAAAAA
AAAAAAAAAAAAAAAAAAAAAAAAA
AAAAAAAAAAAAAAAAAAAAAAAAA
AAAAAAAAAAAAAAAAAAAAAAAAA
AAAAAAAAAAAAAAAAAAAAAAAAA
AAAAAAAAAAAAAAAAAAAAAAAAA
AAAAAAAAAAAAAAAAAAAAAAAAA
AAAAAAAAAAAAAAAAAAAAAAAAA
AAAAAAAAAAAAAAAAAAAAAAAAA
AAAAAAAAAAAAAAAAAAAAAAAAA
AAAAAAAAAAAAAAAAAAAAAAAAA
AAAAAAAAAAAAAAAAAAAAAAAAA
AAAAAAAAAAAAAAAAAAAAAAAAA
AAAAAAAAAAAAAAAAAAAAAAAAA
AAAAAAAAAAAAAAAAAAAAAAAAA
AAAAAAAAAAAAAAAAAAAAAAAAA
Case #15: 
ABCDEFGHIJKLMNOPQRSTUVWXY
ABCDEFGHIJKLMNOPQRSTUVWXY
ABCDEFGHIJKLMNOPQRSTUVWXY
ABCDEFGHIJKLMNOPQRSTUVWXY
ABCDEFGHIJKLMNOPQRSTUVWXY
ABCDEFGHIJKLMNOPQRSTUVWXY
ABCDEFGHIJKLMNOPQRSTUVWXY
ABCDEFGHIJKLMNOPQRSTUVWXY
ABCDEFGHIJKLMNOPQRSTUVWXY
ABCDEFGHIJKLMNOPQRSTUVWXY
ABCDEFGHIJKLMNOPQRSTUVWXY
ABCDEFGHIJKLMNOPQRSTUVWXY
ABCDEFGHIJKLMNOPQRSTUVWXY
ABCDEFGHIJKLMNOPQRSTUVWXY
ABCDEFGHIJKLMNOPQRSTUVWXY
ABCDEFGHIJKLMNOPQRSTUVWXY
ABCDEFGHIJKLMNOPQRSTUVWXY
ABCDEFGHIJKLMNOPQRSTUVWXY
ABCDEFGHIJKLMNOPQRSTUVWXY
ABCDEFGHIJKLMNOPQRSTUVWXY
ABCDEFGHIJKLMNOPQRSTUVWXY
ABCDEFGHIJKLMNOPQRSTUVWXY
ABCDEFGHIJKLMNOPQRSTUVWXY
ABCDEFGHIJKLMNOPQRSTUVWXY
ABCDEFGHIJKLMNOPQRSTUVWXY
Case #16: 
BBB
CDD
AAA
AAA
Case #17: 
AAAAAAAAAAAAAAAAAAAAAAAAA
BBBBBBBBBBBBBBBBBBBBBBBBB
CCCCCCCCCCCCCCCCCCCCCCCCC
DDDDDDDDDDDDDDDDDDDDDDDDD
EEEEEEEEEEEEEEEEEEEEEEEEE
FFFFFFFFFFFFFFFFFFFFFFFFF
GGGGGGGGGGGGGGGGGGGGGGGGG
HHHHHHHHHHHHHHHHHHHHHHHHH
IIIIIIIIIIIIIIIIIIIIIIIII
JJJJJJJJJJJJJJJJJJJJJJJJJ
KKKKKKKKKKKKKKKKKKKKKKKKK
LLLLLLLLLLLLLLLLLLLLLLLLL
MMMMMMMMMMMMMMMMMMMMMMMMM
NNNNNNNNNNNNNNNNNNNNNNNNN
OOOOOOOOOOOOOOOOOOOOOOOOO
PPPPPPPPPPPPPPPPPPPPPPPPP
QQQQQQQQQQQQQQQQQQQQQQQQQ
RRRRRRRRRRRRRRRRRRRRRRRRR
SSSSSSSSSSSSSSSSSSSSSSSSS
TTTTTTTTTTTTTTTTTTTTTTTTT
UUUUUUUUUUUUUUUUUUUUUUUUU
VVVVVVVVVVVVVVVVVVVVVVVVV
WWWWWWWWWWWWWWWWWWWWWWWWW
XXXXXXXXXXXXXXXXXXXXXXXXX
YYYYYYYYYYYYYYYYYYYYYYYYY
Case #18: 
AAAAAAAAACCCCCCCCCCCCCCCC
AAAAAAAAACCCCCCCCCCCCCCCC
AAAAAAAAACCCCCCCCCCCCCCCC
AAAAAAAAACCCCCCCCCCCCCCCC
AAAAAAAAACCCCCCCCCCCCCCCC
AAAAAAAAACCCCCCCCCCCCCCCC
AAAAAAAAACCCCCCCCCCCCCCCC
EEEEEEEEEEEEEEEEEEEEEEEEE
EEEEEEEEEEEEEEEEEEEEEEEEE
EEEEEEEEEEEEEEEEEEEEEEEEE
EEEEEEEEEEEEEEEEEEEEEEEEE
BBBBBBBBBBDDDDDDDDDDDDDDD
BBBBBBBBBBDDDDDDDDDDDDDDD
BBBBBBBBBBDDDDDDDDDDDDDDD
BBBBBBBBBBDDDDDDDDDDDDDDD
BBBBBBBBBBDDDDDDDDDDDDDDD
BBBBBBBBBBDDDDDDDDDDDDDDD
BBBBBBBBBBDDDDDDDDDDDDDDD
BBBBBBBBBBDDDDDDDDDDDDDDD
BBBBBBBBBBDDDDDDDDDDDDDDD
BBBBBBBBBBDDDDDDDDDDDDDDD
FFFFFFFFFFFFFFFFFFGGGGGGG
HHHHHHHHHHHHHHHHHHHHHHHHH
IIIIIIIIIIIIIIIIIIIIIIIII
JJJJJJJJJJJJJJJJJJJJJJJJJ
Case #19: 
CCWKSEEEEUFFFAAGOOOOJJJJP
MBXDDDDDDDVIHLLZRRNTQQYYY
Case #20: 
QQQQQQQQQQQQQQQQQQQQQQQQQ
PPPPPPPPPPPPPPPPPPPPPPPPP
CCCCCCCCCCCCCCCCCCCAAAAAA
FFFFFFFFFFFFFFFFFFFFFFFFF
FFFFFFFFFFFFFFFFFFFFFFFFF
OOOOOOOOOOOOOOOOOOOOOOOOO
OOOOOOOOOOOOOOOOOOOOOOOOO
LLLLLLLLLLLLLLLLLLLLLLLLL
KKKKKKKKKKKKKKKKKKKKKKKKK
KKKKKKKKKKKKKKKKKKKKKKKKK
KKKKKKKKKKKKKKKKKKKKKKKKK
JJJJJJJJJJJJJJJJJJJJJJWWW
JJJJJJJJJJJJJJJJJJJJJJWWW
JJJJJJJJJJJJJJJJJJJJJJWWW
UUUUUUUUUUUUUUUUUUUUUUUUI
SSSSSSSSSTTTTTTTTTTTTTTTT
SSSSSSSSSTTTTTTTTTTTTTTTT
YYYYYYYYYYYYYYYYYYYYYYYYE
YYYYYYYYYYYYYYYYYYYYYYYYE
XXXXXXXXXXXXXXHHHHHHHHHHH
RRRRRBBBBBBBDDDDDDDDDDDDM
RRRRRBBBBBBBDDDDDDDDDDDDM
NNNNNNNNNNNNNNNNNNNNNNNNN
GGGGGGGGGGGGGGGGGGGGGGGGG
ZZZZZZZZZZZZZZZZZZZZVVVVV
Case #21: 
AAAACCCCCCCCCCCCCCCCCCCCC
AAAACCCCCCCCCCCCCCCCCCCCC
AAAACCCCCCCCCCCCCCCCCCCCC
EEEEEEEEEEEEEEEEEEEEEEEEE
EEEEEEEEEEEEEEEEEEEEEEEEE
EEEEEEEEEEEEEEEEEEEEEEEEE
EEEEEEEEEEEEEEEEEEEEEEEEE
BBBBBDDDDDDDDDDDDDDDDDDDD
BBBBBDDDDDDDDDDDDDDDDDDDD
BBBBBDDDDDDDDDDDDDDDDDDDD
BBBBBDDDDDDDDDDDDDDDDDDDD
BBBBBDDDDDDDDDDDDDDDDDDDD
BBBBBDDDDDDDDDDDDDDDDDDDD
FFFFFFFFFFFFFFFFFFFFFFFGG
HHHHHHHHHHHHHHHHHHHHHHHHH
IIIIIIIIIIIIIIIIIIIIIIIII
JJJJJJJJJJJJJJJJJJJJJJJJJ
JJJJJJJJJJJJJJJJJJJJJJJJJ
JJJJJJJJJJJJJJJJJJJJJJJJJ
JJJJJJJJJJJJJJJJJJJJJJJJJ
JJJJJJJJJJJJJJJJJJJJJJJJJ
JJJJJJJJJJJJJJJJJJJJJJJJJ
JJJJJJJJJJJJJJJJJJJJJJJJJ
JJJJJJJJJJJJJJJJJJJJJJJJJ
JJJJJJJJJJJJJJJJJJJJJJJJJ
Case #22: 
PPPPPPPPPPPPPPPPPPPPPPPPP
PPPPPPPPPPPPPPPPPPPPPPPPP
UUUUUUUUUUUUUUUUUUUUUUCCC
EEEEEEEEEEEEEEEEEEEEEEEAA
EEEEEEEEEEEEEEEEEEEEEEEAA
KKKKKKKKKKKKKKKKKKKKKKKKK
OOOOOOOOOOOOOOOOOOOOOOHHH
DDDDDDDDDDDDDDDDDVVVVVVVR
ZZZZZZZZZZZZZZZZZZZQQQQQQ
SSSSSSSSSSSSSSSSSSSSSSSSS
BBBBBBBBBBBBBBBBBBBBBBBWJ
MMMMMMMMMMMMMMMMMMMMMMXXX
FFFFFFFFFFFFFFFFFFFFFFFFF
YYYYYYYYYYYYYYYYYYYYYYYYY
GGGGGGGGGGGGGGGGGGGTTTIIL
NNNNNNNNNNNNNNNNNNNNNNNNN
NNNNNNNNNNNNNNNNNNNNNNNNN
NNNNNNNNNNNNNNNNNNNNNNNNN
NNNNNNNNNNNNNNNNNNNNNNNNN
NNNNNNNNNNNNNNNNNNNNNNNNN
NNNNNNNNNNNNNNNNNNNNNNNNN
NNNNNNNNNNNNNNNNNNNNNNNNN
NNNNNNNNNNNNNNNNNNNNNNNNN
NNNNNNNNNNNNNNNNNNNNNNNNN
NNNNNNNNNNNNNNNNNNNNNNNNN
Case #23: 
FFFFFFFFFFFFFFFFFFFFFFXXX
FFFFFFFFFFFFFFFFFFFFFFXXX
FFFFFFFFFFFFFFFFFFFFFFXXX
MMMMMMMMMMMMMMMMMMMMMMMMM
RRRRRRRRRRRRRRRRRRRRRRRRR
RRRRRRRRRRRRRRRRRRRRRRRRR
WWWWWWWWWWWWWWWWVVVVVVVVV
NNNNNNNNNNNNNNNNNNNNNNNNN
ZZZZZZZZZZZZZZZZZZZZZZZZZ
CCCCCCCCCCCCCCCCCCCCCCCCC
PPPPPPPPPPPPPPPPPPPPGGGGG
YYYYYYYYYYYYYYYYYYYYYBBBB
QQQQQQQQQQDDDDDDDDDDDDDOO
SSSSSSSSSSSSSSSLLLLLLLLLL
SSSSSSSSSSSSSSSLLLLLLLLLL
AAAAAAAAAAAAAAAAAAAAAAAAA
KKKKKKKKKKKKKKKKKKKKKKKKK
KKKKKKKKKKKKKKKKKKKKKKKKK
JJJJJJJJJJJJJJJJJJJJJJJJJ
JJJJJJJJJJJJJJJJJJJJJJJJJ
JJJJJJJJJJJJJJJJJJJJJJJJJ
UUUUUUUUUUUUUUUUUUUUUUUUU
TTTTTTTTTTTTTTTTTTTTTTTTT
HHHHHHHHIIIIIIIIIIIIIEEEE
HHHHHHHHIIIIIIIIIIIIIEEEE
Case #24: 
TTTTTTTTTTTTTTTTTTTTTTTTT
YYYYYYYYYYYYYYYYYYKKKKKOO
YYYYYYYYYYYYYYYYYYKKKKKOO
ZZZZZZZZZZZZZZZZZZZZZZZZZ
CCCCCCCRRRRRRRRRRRRRRRRRR
FFFFFFFFFFFFFFFFFFFFFFFFF
JJJJJJJJJJJJJJJJJJJJMMMMM
WWWWWWWWWWWWWWWWWWWWWWWWW
EEEEEEEEEEEEEEEEEEEEEEEEE
EEEEEEEEEEEEEEEEEEEEEEEEE
IIIIIIIIIIIIAAAAAAAAASSSS
IIIIIIIIIIIIAAAAAAAAASSSS
GGGGGGGGGGGGGGGGGGGGGGGGG
XXXXXXXXXXXXXXXXXXXXXXXUU
QQQQQQQQQQQQQQQQQQQQQQNNN
DDDDDDDDDDDDDDDDHLLLLLLLL
BBBBBBBBBBBBBBBBBBBBBBBBB
BBBBBBBBBBBBBBBBBBBBBBBBB
PPPPPPPPPPPPPPPPPPPPPPPPP
PPPPPPPPPPPPPPPPPPPPPPPPP
PPPPPPPPPPPPPPPPPPPPPPPPP
VVVVVVVVVVVVVVVVVVVVVVVVV
VVVVVVVVVVVVVVVVVVVVVVVVV
VVVVVVVVVVVVVVVVVVVVVVVVV
VVVVVVVVVVVVVVVVVVVVVVVVV
Case #25: 
RRRRRRRRRRRRRRRRRRRRTTTTT
RRRRRRRRRRRRRRRRRRRRTTTTT
RRRRRRRRRRRRRRRRRRRRTTTTT
RRRRRRRRRRRRRRRRRRRRTTTTT
RRRRRRRRRRRRRRRRRRRRTTTTT
VVVVVVVVVVVVVVVVVVVVVVVVV
YYYYBBBBBBBBBBBBBBAAAAAAA
YYYYBBBBBBBBBBBBBBAAAAAAA
MMMMMMMMMMMMMMMFFFFFFFFFF
SSSSSSSSSSSSSSSSSSSSSSSSS
GGGGGGGGGGGGGGGGGGGJJJJJJ
GGGGGGGGGGGGGGGGGGGJJJJJJ
CCCCCCCCCCCKKKKKKKKKKKKKK
IIIIIIIIIIIIIIIIIIIIIIIII
HHHHHHHHHHHHHHHHHHHHHHHHH
UUUUUUUUUUUUUZZZZZXXXXXXX
OOOOOWWWWWWWWWWWPPPNNNNNN
EEEEEEEEEEEEEEEEEEEEEEEEE
QQQQQQQQQQLLLLLLLLLLLLLLL
DDDDDDDDDDDDDDDDDDDDDDDDD
DDDDDDDDDDDDDDDDDDDDDDDDD
DDDDDDDDDDDDDDDDDDDDDDDDD
DDDDDDDDDDDDDDDDDDDDDDDDD
DDDDDDDDDDDDDDDDDDDDDDDDD
DDDDDDDDDDDDDDDDDDDDDDDDD
Case #26: 
ABCDEFGHIJKLMNOPQRSTUVWXY
ABCDEFGHIJKLMNOPQRSTUVWXY
ABCDEFGHIJKLMNOPQRSTUVWXY
ABCDEFGHIJKLMNOPQRSTUVWXY
ABCDEFGHIJKLMNOPQRSTUVWXY
ABCDEFGHIJKLMNOPQRSTUVWXY
ABCDEFGHIJKLMNOPQRSTUVWXY
ABCDEFGHIJKLMNOPQRSTUVWXY
ABCDEFGHIJKLMNOPQRSTUVWXY
ABCDEFGHIJKLMNOPQRSTUVWXY
ABCDEFGHIJKLMNOPQRSTUVWXY
ABCDEFGHIJKLMNOPQRSTUVWXY
ABCDEFGHIJKLMNOPQRSTUVWXY
ABCDEFGHIJKLMNOPQRSTUVWXY
ABCDEFGHIJKLMNOPQRSTUVWXY
ABCDEFGHIJKLMNOPQRSTUVWXY
ABCDEFGHIJKLMNOPQRSTUVWXY
ABCDEFGHIJKLMNOPQRSTUVWXY
ABCDEFGHIJKLMNOPQRSTUVWXY
ABCDEFGHIJKLMNOPQRSTUVWXY
ABCDEFGHIJKLMNOPQRSTUVWXY
ABCDEFGHIJKLMNOPQRSTUVWXY
ABCDEFGHIJKLMNOPQRSTUVWXY
ABCDEFGHIJKLMNOPQRSTUVWXY
ABCDEFGHIJKLMNOPQRSTUVWXY
Case #27: 
QQQQQQQQQQQQQQQQQQQQQQOOO
QQQQQQQQQQQQQQQQQQQQQQOOO
IIIIIIIIIIIIIIIIIIIIIIIII
IIIIIIIIIIIIIIIIIIIIIIIII
AAAAAAAAAAAAAWWWWWWWWWWWW
CCCCCCCCCCCCCCCCCCCCCCCCC
CCCCCCCCCCCCCCCCCCCCCCCCC
CCCCCCCCCCCCCCCCCCCCCCCCC
EEEEEEEEEEEEEEEEEEEEEEEEE
PPPPPPPPPPPPPPPPPPPPPPPPP
LLLLLLLLLLLLLLLLLLLKKKKKK
DDDDDDJJTTTTTTTTTTTTTHHHH
DDDDDDJJTTTTTTTTTTTTTHHHH
ZZZZZZZZZZZZZYYYYYYYYYYYY
NNNNNNNNNNNNNNNNNNNNNNNNN
XXXXXXXXXXXXXXXXXXXXXXXXX
SSSSSSSSSSSSSSSSSSSSSSSSS
VVVVVVVBBBBBBBBBBBBBBBBBB
RRRRRRRRRRRRRRRRRRRRRRRRR
RRRRRRRRRRRRRRRRRRRRRRRRR
MMMMMMMMMMMMMMMMMMMMMMMMM
UUUUUUUUUUUUUUUUUUUUUUUUU
UUUUUUUUUUUUUUUUUUUUUUUUU
GGGGGGGGGGGGGGGGGGGGGGGGG
FFFFFFFFFFFFFFFFFFFFFFFFF
Case #28: 
BB
AA
Case #29: 
DDHHMMMMMIIIIKCGGLBAEJJFF
Case #30: 
AAAAACCCCCCCCCCCCCCCCCCCC
AAAAACCCCCCCCCCCCCCCCCCCC
AAAAACCCCCCCCCCCCCCCCCCCC
AAAAACCCCCCCCCCCCCCCCCCCC
AAAAACCCCCCCCCCCCCCCCCCCC
AAAAACCCCCCCCCCCCCCCCCCCC
AAAAACCCCCCCCCCCCCCCCCCCC
EEEEEEEEEEEEEEEEEEEEEEEEE
EEEEEEEEEEEEEEEEEEEEEEEEE
EEEEEEEEEEEEEEEEEEEEEEEEE
EEEEEEEEEEEEEEEEEEEEEEEEE
BBBBBBDDDDDDDDDDDDDDDDDDD
BBBBBBDDDDDDDDDDDDDDDDDDD
BBBBBBDDDDDDDDDDDDDDDDDDD
BBBBBBDDDDDDDDDDDDDDDDDDD
BBBBBBDDDDDDDDDDDDDDDDDDD
BBBBBBDDDDDDDDDDDDDDDDDDD
BBBBBBDDDDDDDDDDDDDDDDDDD
BBBBBBDDDDDDDDDDDDDDDDDDD
BBBBBBDDDDDDDDDDDDDDDDDDD
FFFFFFFFFFFFFFFFFFFFGGGGG
HHHHHHHHHHHHHHHHHHHHHHHHH
IIIIIIIIIIIIIIIIIIIIIIIII
JJJJJJJJJJJJJJJJJJJJJJJJJ
JJJJJJJJJJJJJJJJJJJJJJJJJ
Case #31: 
DDDDDDYYYYYYYYYYYYYYYYYYY
DDDDDDYYYYYYYYYYYYYYYYYYY
DDDDDDYYYYYYYYYYYYYYYYYYY
DDDDDDYYYYYYYYYYYYYYYYYYY
DDDDDDYYYYYYYYYYYYYYYYYYY
DDDDDDYYYYYYYYYYYYYYYYYYY
DDDDDDYYYYYYYYYYYYYYYYYYY
DDDDDDYYYYYYYYYYYYYYYYYYY
DDDDDDYYYYYYYYYYYYYYYYYYY
DDDDDDYYYYYYYYYYYYYYYYYYY
DDDDDDYYYYYYYYYYYYYYYYYYY
DDDDDDYYYYYYYYYYYYYYYYYYY
DDDDDDYYYYYYYYYYYYYYYYYYY
DDDDDDYYYYYYYYYYYYYYYYYYY
DDDDDDYYYYYYYYYYYYYYYYYYY
KKKKKKKEEEEEEEEEEEEEEEEEE
JJJCRRRRNNNNNNNNNNNNNNNNN
ZZZZZWWWWWWWWWWWWWWWWWWWW
PPPPVVVFMHHHHHHHHHHHHHHHH
LLLLLSSOGGGGGGGGGGGGGGGGG
AAAAABBIIIIIIIIIIIIIIIIII
TTTTUUQQQQQQQQQQQQQQQQQQQ
XXXXXXXXXXXXXXXXXXXXXXXXX
XXXXXXXXXXXXXXXXXXXXXXXXX
XXXXXXXXXXXXXXXXXXXXXXXXX
Case #32: 
PPPYYYYYYYYYYYYYYYCCCCCCC
PPPYYYYYYYYYYYYYYYCCCCCCC
XXXXXXXXXXXXXXXXXXZZZZZZZ
KKKKKKKKKKKKKKKKKKKKKKKKK
GGGGGGGGGGGGGGGGGGGGGGGGG
LLLLLLLLLLLLLLLLLLLLDDDDD
WWWWWWWWWWWWWWWWWWWWWWWWW
WWWWWWWWWWWWWWWWWWWWWWWWW
WWWWWWWWWWWWWWWWWWWWWWWWW
WWWWWWWWWWWWWWWWWWWWWWWWW
EEETTTTTTTTTTTTTTTTTTTTTT
NNNNNNNNNNNNNNNNNNNNNNNNN
NNNNNNNNNNNNNNNNNNNNNNNNN
NNNNNNNNNNNNNNNNNNNNNNNNN
FFFFFFFFFFFFFFFFFFFFFFFFF
VVVVVVVVVVVVVVVVVVQQQQQQQ
VVVVVVVVVVVVVVVVVVQQQQQQQ
VVVVVVVVVVVVVVVVVVQQQQQQQ
BBBBBBBBBBBBBBBBBBBUURRRR
OOOOOOOOOJJJJJJJSSSSSSSSS
HHHHHHHHHHHHHHIIIIIIIIIII
AAAAAAAAAAAAAAAAAAAAAAAAA
AAAAAAAAAAAAAAAAAAAAAAAAA
AAAAAAAAAAAAAAAAAAAAAAAAA
MMMMMMMMMMMMMMMMMMMMMMMMM
Case #33: 
AAAAAAAAAAAAAAAAAAAAAAABB
AAAAAAAAAAAAAAAAAAAAAAABB
AAAAAAAAAAAAAAAAAAAAAAABB
AAAAAAAAAAAAAAAAAAAAAAABB
AAAAAAAAAAAAAAAAAAAAAAABB
AAAAAAAAAAAAAAAAAAAAAAABB
AAAAAAAAAAAAAAAAAAAAAAABB
AAAAAAAAAAAAAAAAAAAAAAABB
AAAAAAAAAAAAAAAAAAAAAAABB
AAAAAAAAAAAAAAAAAAAAAAABB
AAAAAAAAAAAAAAAAAAAAAAABB
AAAAAAAAAAAAAAAAAAAAAAABB
AAAAAAAAAAAAAAAAAAAAAAABB
AAAAAAAAAAAAAAAAAAAAAAABB
AAAAAAAAAAAAAAAAAAAAAAABB
AAAAAAAAAAAAAAAAAAAAAAABB
AAAAAAAAAAAAAAAAAAAAAAABB
AAAAAAAAAAAAAAAAAAAAAAABB
AAAAAAAAAAAAAAAAAAAAAAABB
AAAAAAAAAAAAAAAAAAAAAAABB
CCCCCCCCCCCCCCCCCCCCCCCCC
DDDDDDDDDDDDDDDDDDDDDDDDD
EEEEEEEEEEEEEEEEEEEEEEEEE
EEEEEEEEEEEEEEEEEEEEEEEEE
EEEEEEEEEEEEEEEEEEEEEEEEE
Case #34: 
AAAAAAAAAAAAAAAAAAAAAAAAA
BBBBBBBBBBBBBBBBBBBBBBBBB
CCCCCCCCCCCCCCCCCCCCCCCCC
DDDDDDDDDDDDDDDDDDDDDDDDD
EEEEEEEEEEEEEEEEEEEEEEEEE
FFFFFFFFFFFFFFFFFFFFFFFFF
GGGGGGGGGGGGGGGGGGGGGGGGG
HHHHHHHHHHHHHHHHHHHHHHHHH
IIIIIIIIIIIIIIIIIIIIIIIII
JJJJJJJJJJJJJJJJJJJJJJJJJ
KKKKKKKKKKKKKKKKKKKKKKKKK
LLLLLLLLLLLLLLLLLLLLLLLLL
MMMMMMMMMMMMMMMMMMMMMMMMM
NNNNNNNNNNNNNNNNNNNNNNNNN
OOOOOOOOOOOOOOOOOOOOOOOOO
PPPPPPPPPPPPPPPPPPPPPPPPP
QQQQQQQQQQQQQQQQQQQQQQQQQ
RRRRRRRRRRRRRRRRRRRRRRRRR
SSSSSSSSSSSSSSSSSSSSSSSSS
TTTTTTTTTTTTTTTTTTTTTTTTT
UUUUUUUUUUUUUUUUUUUUUUUUU
VVVVVVVVVVVVVVVVVVVVVVVVV
WWWWWWWWWWWWWWWWWWWWWWWWW
XXXXXXXXXXXXXXXXXXXXXXXXX
YYYYYYYYYYYYYYYYYYYYYYYYY
Case #35: 
LLLLLLLLLLLLLLLLLLLLLLLLL
LLLLLLLLLLLLLLLLLLLLLLLLL
YYYYYYYYYYYYYYYYYYYYYYYYY
YYYYYYYYYYYYYYYYYYYYYYYYY
KKKKKKKKKKKKKKKKKJJJJJJJJ
UUUUUUUUUUUUUUUUEEEEEEEEE
SSSSSSSSSSSSSSSSSSSSSSSGG
VVVVVVVVVVVVVVVVVVVVVVVVV
QQQQQQQQQQQQQQDDDDDDDDDCC
WWWWWWWWWWWWWWWWWWWWWWWWW
IIIIIIIIIIIIMMMMMMMMMMMMM
NNNNNNNNNNNNNNNNNNNNNNNNN
NNNNNNNNNNNNNNNNNNNNNNNNN
NNNNNNNNNNNNNNNNNNNNNNNNN
NNNNNNNNNNNNNNNNNNNNNNNNN
ZZZZZZZZZZZZZZZZZZPPPPPPP
ZZZZZZZZZZZZZZZZZZPPPPPPP
BBBBBBBBBBBOTTTTTTTTTTTTT
BBBBBBBBBBBOTTTTTTTTTTTTT
XXXXXXXXXXXXXXXHHHHHHHHHH
XXXXXXXXXXXXXXXHHHHHHHHHH
RRRRRRRRRRRRRRRRRRRRRRRRR
FFFFFFFFFFFFFFFFFFFFFFFFF
AAAAAAAAAAAAAAAAAAAAAAAAA
AAAAAAAAAAAAAAAAAAAAAAAAA
Case #36: 
AABBCCDDEEFFGGHHIIJJKKLLM
NNNOOPPQQRRSSTTUUVVWWXXYY
ZZZZZZZZZZZZZZZZZZZZZZZZZ
ZZZZZZZZZZZZZZZZZZZZZZZZZ
ZZZZZZZZZZZZZZZZZZZZZZZZZ
ZZZZZZZZZZZZZZZZZZZZZZZZZ
ZZZZZZZZZZZZZZZZZZZZZZZZZ
ZZZZZZZZZZZZZZZZZZZZZZZZZ
ZZZZZZZZZZZZZZZZZZZZZZZZZ
ZZZZZZZZZZZZZZZZZZZZZZZZZ
ZZZZZZZZZZZZZZZZZZZZZZZZZ
ZZZZZZZZZZZZZZZZZZZZZZZZZ
ZZZZZZZZZZZZZZZZZZZZZZZZZ
ZZZZZZZZZZZZZZZZZZZZZZZZZ
ZZZZZZZZZZZZZZZZZZZZZZZZZ
ZZZZZZZZZZZZZZZZZZZZZZZZZ
ZZZZZZZZZZZZZZZZZZZZZZZZZ
ZZZZZZZZZZZZZZZZZZZZZZZZZ
ZZZZZZZZZZZZZZZZZZZZZZZZZ
ZZZZZZZZZZZZZZZZZZZZZZZZZ
ZZZZZZZZZZZZZZZZZZZZZZZZZ
ZZZZZZZZZZZZZZZZZZZZZZZZZ
ZZZZZZZZZZZZZZZZZZZZZZZZZ
ZZZZZZZZZZZZZZZZZZZZZZZZZ
ZZZZZZZZZZZZZZZZZZZZZZZZZ
Case #37: 
KKKKKKKKKKKKKKKKKKKKKKKKK
KKKKKKKKKKKKKKKKKKKKKKKKK
KKKKKKKKKKKKKKKKKKKKKKKKK
KKKKKKKKKKKKKKKKKKKKKKKKK
KKKKKKKKKKKKKKKKKKKKKKKKK
KKKKKKKKKKKKKKKKKKKKKKKKK
KKKKKKKKKKKKKKKKKKKKKKKKK
KKKKKKKKKKKKKKKKKKKKKKKKK
KKKKKKKKKKKKKKKKKKKKKKKKK
XXXXXXXXXXXXXXXXXXXXXXXXX
XXXXXXXXXXXXXXXXXXXXXXXXX
FFFFFFFFFFFFFFFFFFFFHHHHM
CCCCCCCCCCCCCCCCCCCCCCCCC
AAAAAAAAAAAAAAAAAAAAZSSSO
BBBBBBBBBBBBBBBBBBBBLLLLL
GGGGGGGGGGGGGGGGTTTTTTTTT
UUUUUUUUUUUUUUUUUUUUUUUUU
EEEEEEEEEEEEEEEEEEEEYRRRR
PPPPPPPPPPPPPPPPPPPPPPPPP
NNNNNNNNNNNNNNNNNNWJIIDDD
QQQQQQQQQQQQQQQQQQQQQQQQQ
VVVVVVVVVVVVVVVVVVVVVVVVV
VVVVVVVVVVVVVVVVVVVVVVVVV
VVVVVVVVVVVVVVVVVVVVVVVVV
VVVVVVVVVVVVVVVVVVVVVVVVV
Case #38: 
AAAAAAACCCCCCCCCCCCCCCCCC
AAAAAAACCCCCCCCCCCCCCCCCC
AAAAAAACCCCCCCCCCCCCCCCCC
AAAAAAACCCCCCCCCCCCCCCCCC
AAAAAAACCCCCCCCCCCCCCCCCC
AAAAAAACCCCCCCCCCCCCCCCCC
AAAAAAACCCCCCCCCCCCCCCCCC
EEEEEEEEEEEEEEEEEEEEEEEEE
EEEEEEEEEEEEEEEEEEEEEEEEE
EEEEEEEEEEEEEEEEEEEEEEEEE
EEEEEEEEEEEEEEEEEEEEEEEEE
BBBBBBBBDDDDDDDDDDDDDDDDD
BBBBBBBBDDDDDDDDDDDDDDDDD
FFFFFFFFFFFFFFFFFFFFGGGGG
HHHHHHHHHHHHHHHHHHHHHHHHH
IIIIIIIIIIIIIIIIIIIIIIIII
JJJJJJJJJJJJJJJJJJJJJJJJJ
JJJJJJJJJJJJJJJJJJJJJJJJJ
JJJJJJJJJJJJJJJJJJJJJJJJJ
JJJJJJJJJJJJJJJJJJJJJJJJJ
JJJJJJJJJJJJJJJJJJJJJJJJJ
JJJJJJJJJJJJJJJJJJJJJJJJJ
JJJJJJJJJJJJJJJJJJJJJJJJJ
JJJJJJJJJJJJJJJJJJJJJJJJJ
JJJJJJJJJJJJJJJJJJJJJJJJJ
Case #39: 
SSSSSCCCCCCCCCCCCHHHHHHHH
DDDDDDDDDDDDDDDDMMMMMMMMM
TTTTTTTTTTTTTTTTTTTTTTTTT
JJJJJJJJJJJJJJJJJJRRRRRRR
JJJJJJJJJJJJJJJJJJRRRRRRR
LLLLLLLLLLLLLLLLLLLLLLLLL
LLLLLLLLLLLLLLLLLLLLLLLLL
LLLLLLLLLLLLLLLLLLLLLLLLL
LLLLLLLLLLLLLLLLLLLLLLLLL
KKKKKKKKKKKKKKKKKKKKKKKKK
XXXXXXXXXXXXXXXXXXXXXXXXX
VVVVVVVVIIIIIZZZZZZZZZZZZ
GGGGGGGGGGGGGGGGGGGGGGGGG
WWWWWWWWWWWWWWWWWWWWWWWWW
YYYYYYYYYYYYYYYYYYYYYYYYY
NNNNNNNNNNNNNNNNNNNNNNNNN
NNNNNNNNNNNNNNNNNNNNNNNNN
BBBBBBBBBBBBBBBBBBBBBBBBB
PPPPPPPPPPPPPPPPPPPPPPPPP
UUUUUUUUUUUUUUUUUUUUUUUUU
UUUUUUUUUUUUUUUUUUUUUUUUU
QQQQQQQQQQQQQQQQQQQAAAAAA
FFFFFFFFFFFFFFFFFFFFFFFFF
EEEEEEEEEEEEEEEEEEEEEEEEE
OOOOOOOOOOOOOOOOOOOOOOOOO
Case #40: 
BBTKM
QSRPJ
VADLL
WHFUE
CIOGN
Case #41: 
AAAAAAACCCCCCCCCCCCCCCCCC
AAAAAAACCCCCCCCCCCCCCCCCC
AAAAAAACCCCCCCCCCCCCCCCCC
AAAAAAACCCCCCCCCCCCCCCCCC
AAAAAAACCCCCCCCCCCCCCCCCC
AAAAAAACCCCCCCCCCCCCCCCCC
AAAAAAACCCCCCCCCCCCCCCCCC
AAAAAAACCCCCCCCCCCCCCCCCC
AAAAAAACCCCCCCCCCCCCCCCCC
AAAAAAACCCCCCCCCCCCCCCCCC
AAAAAAACCCCCCCCCCCCCCCCCC
AAAAAAACCCCCCCCCCCCCCCCCC
AAAAAAACCCCCCCCCCCCCCCCCC
EEEEEEEEEEEEEEEEEEEEEEEEE
EEEEEEEEEEEEEEEEEEEEEEEEE
EEEEEEEEEEEEEEEEEEEEEEEEE
EEEEEEEEEEEEEEEEEEEEEEEEE
BBBBBBBBDDDDDDDDDDDDDDDDD
BBBBBBBBDDDDDDDDDDDDDDDDD
BBBBBBBBDDDDDDDDDDDDDDDDD
BBBBBBBBDDDDDDDDDDDDDDDDD
BBBBBBBBDDDDDDDDDDDDDDDDD
BBBBBBBBDDDDDDDDDDDDDDDDD
BBBBBBBBDDDDDDDDDDDDDDDDD
BBBBBBBBDDDDDDDDDDDDDDDDD
Case #42: 
ABCDEFGHIJKLMNOPQRSTUVWXY
ABCDEFGHIJKLMNOPQRSTUVWXY
ABCDEFGHIJKLMNOPQRSTUVWXY
ABCDEFGHIJKLMNOPQRSTUVWXY
ABCDEFGHIJKLMNOPQRSTUVWXY
ABCDEFGHIJKLMNOPQRSTUVWXY
ABCDEFGHIJKLMNOPQRSTUVWXY
ABCDEFGHIJKLMNOPQRSTUVWXY
ABCDEFGHIJKLMNOPQRSTUVWXY
ABCDEFGHIJKLMNOPQRSTUVWXY
ABCDEFGHIJKLMNOPQRSTUVWXY
ABCDEFGHIJKLMNOPQRSTUVWXY
ABCDEFGHIJKLMNOPQRSTUVWXY
ABCDEFGHIJKLMNOPQRSTUVWXY
ABCDEFGHIJKLMNOPQRSTUVWXY
ABCDEFGHIJKLMNOPQRSTUVWXY
ABCDEFGHIJKLMNOPQRSTUVWXY
ABCDEFGHIJKLMNOPQRSTUVWXY
ABCDEFGHIJKLMNOPQRSTUVWXY
ABCDEFGHIJKLMNOPQRSTUVWXY
ABCDEFGHIJKLMNOPQRSTUVWXY
ABCDEFGHIJKLMNOPQRSTUVWXY
ABCDEFGHIJKLMNOPQRSTUVWXY
ABCDEFGHIJKLMNOPQRSTUVWXY
ABCDEFGHIJKLMNOPQRSTUVWXY
Case #43: 
VVVVVVVVVVVVVVVVVVVVVVVVV
VVVVVVVVVVVVVVVVVVVVVVVVV
VVVVVVVVVVVVVVVVVVVVVVVVV
VVVVVVVVVVVVVVVVVVVVVVVVV
VVVVVVVVVVVVVVVVVVVVVVVVV
VVVVVVVVVVVVVVVVVVVVVVVVV
VVVVVVVVVVVVVVVVVVVVVVVVV
VVVVVVVVVVVVVVVVVVVVVVVVV
VVVVVVVVVVVVVVVVVVVVVVVVV
VVVVVVVVVVVVVVVVVVVVVVVVV
VVVVVVVVVVVVVVVVVVVVVVVVV
VVVVVVVVVVVVVVVVVVVVVVVVV
VVVVVVVVVVVVVVVVVVVVVVVVV
VVVVVVVVVVVVVVVVVVVVVVVVV
VVVVVVVVVVVVVVVVVVVVVVVVV
VVVVVVVVVVVVVVVVVVVVVVVVV
VVVVVVVVVVVVVVVVVVVVVVVVV
HHHHHHHHHHHHHHHHHHHHHHHHH
MMMMMMMMEEEEEEEEEEEEEEEEE
JJJJJJBRRRRRRRRRRRRRRRRRR
AAAGKXXUQTSSSSSSSSSSSSSSS
IIIIOWWYYNNNNNNNNNNNNNNNN
PPPPPDDLLLLLLLLLLLLLLLLLL
ZZZZZZZZZZZZZZZZZZZZZZZZZ
FFFFFCCCCCCCCCCCCCCCCCCCC
Case #44: 
AAAAAAAAAAAAAAAAAAAAAAAAA
BBBBBBBBBBBBBBBBBBBBBBBBB
CCCCCCCCCCCCCCCCCCCCCCCCC
DDDDDDDDDDDDDDDDDDDDDDDDD
EEEEEEEEEEEEEEEEEEEEEEEEE
FFFFFFFFFFFFFFFFFFFFFFFFF
GGGGGGGGGGGGGGGGGGGGGGGGG
HHHHHHHHHHHHHHHHHHHHHHHHH
IIIIIIIIIIIIIIIIIIIIIIIII
JJJJJJJJJJJJJJJJJJJJJJJJJ
KKKKKKKKKKKKKKKKKKKKKKKKK
LLLLLLLLLLLLLLLLLLLLLLLLL
MMMMMMMMMMMMMMMMMMMMMMMMM
NNNNNNNNNNNNNNNNNNNNNNNNN
OOOOOOOOOOOOOOOOOOOOOOOOO
PPPPPPPPPPPPPPPPPPPPPPPPP
QQQQQQQQQQQQQQQQQQQQQQQQQ
RRRRRRRRRRRRRRRRRRRRRRRRR
SSSSSSSSSSSSSSSSSSSSSSSSS
TTTTTTTTTTTTTTTTTTTTTTTTT
UUUUUUUUUUUUUUUUUUUUUUUUU
VVVVVVVVVVVVVVVVVVVVVVVVV
WWWWWWWWWWWWWWWWWWWWWWWWW
XXXXXXXXXXXXXXXXXXXXXXXXX
YYYYYYYYYYYYYYYYYYYYYYYYY
Case #45: 
ABCDEFGHIJKLMNOPQRSTUVWXY
ABCDEFGHIJKLMNOPQRSTUVWXY
ABCDEFGHIJKLMNOPQRSTUVWXY
ABCDEFGHIJKLMNOPQRSTUVWXY
ABCDEFGHIJKLMNOPQRSTUVWXY
ABCDEFGHIJKLMNOPQRSTUVWXY
ABCDEFGHIJKLMNOPQRSTUVWXY
ABCDEFGHIJKLMNOPQRSTUVWXY
ABCDEFGHIJKLMNOPQRSTUVWXY
ABCDEFGHIJKLMNOPQRSTUVWXY
ABCDEFGHIJKLMNOPQRSTUVWXY
ABCDEFGHIJKLMNOPQRSTUVWXY
ABCDEFGHIJKLMNOPQRSTUVWXY
ABCDEFGHIJKLMNOPQRSTUVWXY
ABCDEFGHIJKLMNOPQRSTUVWXY
ABCDEFGHIJKLMNOPQRSTUVWXY
ABCDEFGHIJKLMNOPQRSTUVWXY
ABCDEFGHIJKLMNOPQRSTUVWXY
ABCDEFGHIJKLMNOPQRSTUVWXY
ABCDEFGHIJKLMNOPQRSTUVWXY
ABCDEFGHIJKLMNOPQRSTUVWXY
ABCDEFGHIJKLMNOPQRSTUVWXY
ABCDEFGHIJKLMNOPQRSTUVWXY
ABCDEFGHIJKLMNOPQRSTUVWXY
ABCDEFGHIJKLMNOPQRSTUVWXY
Case #46: 
YYYYYYYYYYYYYYYYYYYYYYYYY
YYYYYYYYYYYYYYYYYYYYYYYYY
YYYYYYYYYYYYYYYYYYYYYYYYY
YYYYYYYYYYYYYYYYYYYYYYYYY
NNNNNNNNNNNNNNNNNNNNNVVVV
NNNNNNNNNNNNNNNNNNNNNVVVV
PPPPPPPPPPPPPPPPPPPPPPZZZ
HHHHHHHHHHHHHHHHHHHHHHHHH
HHHHHHHHHHHHHHHHHHHHHHHHH
MMMMMMMMMMMMMMMMMMMMMMMMM
UUUUUUUUUUUUUUUUUUUUUUUUU
TTTTTTTTTTTTTXXXXXXLLRRRR
QQQQQQQQQQQQQQQQQQQQQQQQQ
QQQQQQQQQQQQQQQQQQQQQQQQQ
CCCCCCCCCCCCCCCCCCCCCCCCC
DDDDDDDDDDDDDDDDDDDDDDDDD
WWWWWWWWWWWWWWWWWWWWWEEEE
JJJJJJJJJJJJJJJJJJJJJJJKK
JJJJJJJJJJJJJJJJJJJJJJJKK
SSSSSSSSSSSSSSSSSSSSSSSSS
SSSSSSSSSSSSSSSSSSSSSSSSS
GGGGGGGGGGGGGGGGGGGGBBBBB
FFFFFFFFFFFFFFFFFFFFFFFFF
OOOOOOOOOOOOOOOOOOOOOOOAA
IIIIIIIIIIIIIIIIIIIIIIIII
Case #47: 
AAAAAAAAAAAAAAAAABBBBBBBB
AAAAAAAAAAAAAAAAABBBBBBBB
AAAAAAAAAAAAAAAAABBBBBBBB
AAAAAAAAAAAAAAAAABBBBBBBB
AAAAAAAAAAAAAAAAABBBBBBBB
AAAAAAAAAAAAAAAAABBBBBBBB
AAAAAAAAAAAAAAAAABBBBBBBB
AAAAAAAAAAAAAAAAABBBBBBBB
AAAAAAAAAAAAAAAAABBBBBBBB
AAAAAAAAAAAAAAAAABBBBBBBB
AAAAAAAAAAAAAAAAABBBBBBBB
AAAAAAAAAAAAAAAAABBBBBBBB
AAAAAAAAAAAAAAAAABBBBBBBB
AAAAAAAAAAAAAAAAABBBBBBBB
AAAAAAAAAAAAAAAAABBBBBBBB
AAAAAAAAAAAAAAAAABBBBBBBB
AAAAAAAAAAAAAAAAABBBBBBBB
AAAAAAAAAAAAAAAAABBBBBBBB
AAAAAAAAAAAAAAAAABBBBBBBB
AAAAAAAAAAAAAAAAABBBBBBBB
AAAAAAAAAAAAAAAAABBBBBBBB
AAAAAAAAAAAAAAAAABBBBBBBB
CCCCCCCCCCCCCCCCCCCCCCCCC
DDDDDDDDDDDDDDDDDDDDDDDDD
EEEEEEEEEEEEEEEEEEEEEEEEE
Case #48: 
HHHHHHHHHHHHHHHHHHHHHHHHH
HHHHHHHHHHHHHHHHHHHHHHHHH
EEEEEEEEEEEEEEEEEEIIIIIII
NNNNNNNNNNNNNNNNNNNNNNNNN
NNNNNNNNNNNNNNNNNNNNNNNNN
UUUUUUUUUUUUUUVCCCCCZZZZZ
AAAAAAAAAAAAAAAAAAAAAAAAA
RRRRRBBBBBBBBBBBBBBBBBBBB
RRRRRBBBBBBBBBBBBBBBBBBBB
RRRRRBBBBBBBBBBBBBBBBBBBB
RRRRRBBBBBBBBBBBBBBBBBBBB
LLLLLLLLLLLLLLLLLLSSSSSSP
LLLLLLLLLLLLLLLLLLSSSSSSP
YYYYYYYYYYYYYYYYYYYYYYYYY
YYYYYYYYYYYYYYYYYYYYYYYYY
YYYYYYYYYYYYYYYYYYYYYYYYY
FFFFFFFFFFKKKKKKKKKKKKKKG
FFFFFFFFFFKKKKKKKKKKKKKKG
JJJJJJJJJJJJJJJJJJJJJJJOO
XXXXXXXXXXXXXXXXXXXXXXXXX
XXXXXXXXXXXXXXXXXXXXXXXXX
TTTTTTTTTTTTTTTTTTTTTTTTT
DDDDDDDDDDDDDDDDDDDDDDDDM
DDDDDDDDDDDDDDDDDDDDDDDDM
QQQQWWWWWWWWWWWWWWWWWWWWW
Case #49: 
AAAAAAAAAAAAAAAAAAAAAAAAA
BBBBBBBBBBBBBBBBBBBBBBBBB
CCCCCCCCCCCCCCCCCCCCCCCCC
DDDDDDDDDDDDDDDDDDDDDDDDD
EEEEEEEEEEEEEEEEEEEEEEEEE
FFFFFFFFFFFFFFFFFFFFFFFFF
GGGGGGGGGGGGGGGGGGGGGGGGG
HHHHHHHHHHHHHHHHHHHHHHHHH
IIIIIIIIIIIIIIIIIIIIIIIII
JJJJJJJJJJJJJJJJJJJJJJJJJ
KKKKKKKKKKKKKKKKKKKKKKKKK
LLLLLLLLLLLLLLLLLLLLLLLLL
MMMMMMMMMMMMMMMMMMMMMMMMM
NNNNNNNNNNNNNNNNNNNNNNNNN
OOOOOOOOOOOOOOOOOOOOOOOOO
PPPPPPPPPPPPPPPPPPPPPPPPP
QQQQQQQQQQQQQQQQQQQQQQQQQ
RRRRRRRRRRRRRRRRRRRRRRRRR
SSSSSSSSSSSSSSSSSSSSSSSSS
TTTTTTTTTTTTTTTTTTTTTTTTT
UUUUUUUUUUUUUUUUUUUUUUUUU
VVVVVVVVVVVVVVVVVVVVVVVVV
WWWWWWWWWWWWWWWWWWWWWWWWW
XXXXXXXXXXXXXXXXXXXXXXXXX
YYYYYYYYYYYYYYYYYYYYYYYYY
Case #50: 
D
D
D
D
D
B
B
B
C
A
K
K
K
G
I
L
L
H
H
E
F
J
J
J
M
Case #51: 
PPPPPPPPPPPPPPPPPPPPPPPPP
RRRRRRRRRRRRRRFFFTTTTTTTT
WWWWWWWWWWWWWWWWWWWWWWWWW
WWWWWWWWWWWWWWWWWWWWWWWWW
WWWWWWWWWWWWWWWWWWWWWWWWW
QQQQQQQQQQQQQQQQQQQQQQQQQ
NNNNNNNNNNNNNNNNNNNNNNNNN
BBBBBBBBBBBBBBBBBBBBBBBBB
CCCCCCCCCCCCCCCCCCCCCCCCC
YYYYYYYYYYYYYYYYYYYYYYYYY
HHHHHHHHHHHHHHHHHHHHHIIII
HHHHHHHHHHHHHHHHHHHHHIIII
HHHHHHHHHHHHHHHHHHHHHIIII
HHHHHHHHHHHHHHHHHHHHHIIII
SSSSSSSSSSSSSSSSSSSSSSSSS
SSSSSSSSSSSSSSSSSSSSSSSSS
DDDDDDDDDDDDDDDDDDDDDDDDD
JJJJJJJJJJJJJJJJJJJJGGGGG
JJJJJJJJJJJJJJJJJJJJGGGGG
LLLLLLLLLLLLLLLLLLLLLLLLL
MMMMMMMMMMMMMMMMMMMMMMMMM
KKKKKKKKKKKKKKKKKKKKKKKKK
ZZZZZZZZZZZZZZZVVVVVVVVVV
OOOOOOOOOOOOOOOOOXXXXXXXU
EEEEEEEEEEEEEEEEEEEAAAAAA
Case #52: 
TTTTTTTTTTTTTTTVVYYYYYYYY
ZZZZZZZZZZZZZJJJJJJJJJJJJ
FFFFFFFFFFBBCCXEQQQQQQQQQ
WWWWWWWWWWWWWWWWWWWWWOOOO
PPPPPPPPPPPPPPPPPPPPUUUUU
SSSSSSSSSSSSSSSSSSSSSSSSS
MMMMMMMMMMMMMMMMMMKKKKKKK
HHHHHHHHHHHHHHHHHHHHHHHHH
LLLLLLLLLLLLLLRRIIIIIIIII
GGGGGGGGGGGGGNNNAAAAAAAAA
GGGGGGGGGGGGGNNNAAAAAAAAA
DDDDDDDDDDDDDDDDDDDDDDDDD
DDDDDDDDDDDDDDDDDDDDDDDDD
DDDDDDDDDDDDDDDDDDDDDDDDD
DDDDDDDDDDDDDDDDDDDDDDDDD
DDDDDDDDDDDDDDDDDDDDDDDDD
DDDDDDDDDDDDDDDDDDDDDDDDD
DDDDDDDDDDDDDDDDDDDDDDDDD
DDDDDDDDDDDDDDDDDDDDDDDDD
DDDDDDDDDDDDDDDDDDDDDDDDD
DDDDDDDDDDDDDDDDDDDDDDDDD
DDDDDDDDDDDDDDDDDDDDDDDDD
DDDDDDDDDDDDDDDDDDDDDDDDD
DDDDDDDDDDDDDDDDDDDDDDDDD
DDDDDDDDDDDDDDDDDDDDDDDDD
Case #53: 
CD
AB
Case #54: 
AABB
CCCC
DDEE
Case #55: 
EEEEEEEEEEEEEEEAAAAAAAAAA
VVVVVVVVVVVVVVVVVVVVVVSKK
FFFFFFFFFFFFFFFFPPPPPPPPP
WWWWWWWWWWWWWWWWWWWWWWWWW
DDDDDDDDDDDDDDDDDDDDDDDDD
DDDDDDDDDDDDDDDDDDDDDDDDD
XXXXXXXXXXXXXXXXXXXXXXXXX
UUUUUUUUUUUUUUUUUUUUUUUUU
UUUUUUUUUUUUUUUUUUUUUUUUU
MMMMMMMMMMMMMMMMMMMMMMMMM
ZZZZZZZZZZZZZZZZZZZZZZZZJ
GGGGGGGGGGGNNNNNNNNNNNNOO
RRRRRRRRRRRRRRRRRRRRRRRRR
RRRRRRRRRRRRRRRRRRRRRRRRR
YYYYYYTTTTTTTTTTTHHHHHHHH
CCCCCCCCCCCCCCCCCCCCCCCCC
CCCCCCCCCCCCCCCCCCCCCCCCC
CCCCCCCCCCCCCCCCCCCCCCCCC
BBBBBBBBBBBBBBBBBBBBBBBBB
BBBBBBBBBBBBBBBBBBBBBBBBB
BBBBBBBBBBBBBBBBBBBBBBBBB
IIIIIIIIIIIIIIIIIIIIIIIII
IIIIIIIIIIIIIIIIIIIIIIIII
QQQQQQQQQQQQQQQQQQQQQQQQQ
LLLLLLLLLLLLLLLLLLLLLLLLL
Case #56: 
AAAAAAAAAAABBBBBBBBBBBBBB
AAAAAAAAAAABBBBBBBBBBBBBB
AAAAAAAAAAABBBBBBBBBBBBBB
CCCCCCCCCCCCCCCCCCCCCCCCC
DDDDDDDDDDDDDDDDDDDDDDDDD
EEEEEEEEEEEEEEEEEEEEEEEEE
EEEEEEEEEEEEEEEEEEEEEEEEE
EEEEEEEEEEEEEEEEEEEEEEEEE
EEEEEEEEEEEEEEEEEEEEEEEEE
EEEEEEEEEEEEEEEEEEEEEEEEE
EEEEEEEEEEEEEEEEEEEEEEEEE
EEEEEEEEEEEEEEEEEEEEEEEEE
EEEEEEEEEEEEEEEEEEEEEEEEE
EEEEEEEEEEEEEEEEEEEEEEEEE
EEEEEEEEEEEEEEEEEEEEEEEEE
EEEEEEEEEEEEEEEEEEEEEEEEE
EEEEEEEEEEEEEEEEEEEEEEEEE
EEEEEEEEEEEEEEEEEEEEEEEEE
EEEEEEEEEEEEEEEEEEEEEEEEE
FFFFFFFFFFFFFHHHHHHHHHHHH
JJJJJJJJJJJJJJJJJJJJJJJJJ
JJJJJJJJJJJJJJJJJJJJJJJJJ
JJJJJJJJJJJJJJJJJJJJJJJJJ
JJJJJJJJJJJJJJJJJJJJJJJJJ
GGGGGGGGGGGGGGIIIIIIIIIII
Case #57: 
BBBBBBBBBBBBBBBBBBBBBBBBB
BBBBBBBBBBBBBBBBBBBBBBBBB
BBBBBBBBBBBBBBBBBBBBBBBBB
CCCCCCCCCCCCCCCCCCCCCCCCC
CCCCCCCCCCCCCCCCCCCCCCCCC
PPPPPPPPPPPPPPPPPPPPPNNNN
PPPPPPPPPPPPPPPPPPPPPNNNN
GGGGGGGGGGGGGGGGGGGGGGGGG
YYYYYYYUUUUUUUUUUUUUUUUUR
YYYYYYYUUUUUUUUUUUUUUUUUR
ZZZZZZZZZZZZZWWWWLLLLLLLL
AAAAAAAAAAAAAAAAAAAAAAAAH
OOOOOOOOOOOOOOOOOOOOOOOOF
MMMMMMMMMMMMMMMMMMMMMMMMM
JJJJJJJJJJJJJJJJJJJJJJJJJ
DDDDDDDDDDDDDDTTTTTTTTTTT
EEEEEEEEEEEEEEEEEEEEQQQQQ
XXXXXXXXXXXXXXXXXXXXXXXXX
SSSSSSSSSSSSSSSSSSSSSSSSS
SSSSSSSSSSSSSSSSSSSSSSSSS
SSSSSSSSSSSSSSSSSSSSSSSSS
SSSSSSSSSSSSSSSSSSSSSSSSS
VVVVVVVVVVVVVVVVVVVVVVVVV
KKKKKKKKKKKIIIIIIIIIIIIII
KKKKKKKKKKKIIIIIIIIIIIIII
Case #58: 
GGGG
CCCC
FADD
EEHH
BBBB
BBBB
Case #59: 
AAACCCCCCCCCCCCCCCCCCCCCC
AAACCCCCCCCCCCCCCCCCCCCCC
AAACCCCCCCCCCCCCCCCCCCCCC
AAACCCCCCCCCCCCCCCCCCCCCC
AAACCCCCCCCCCCCCCCCCCCCCC
AAACCCCCCCCCCCCCCCCCCCCCC
AAACCCCCCCCCCCCCCCCCCCCCC
AAACCCCCCCCCCCCCCCCCCCCCC
AAACCCCCCCCCCCCCCCCCCCCCC
AAACCCCCCCCCCCCCCCCCCCCCC
AAACCCCCCCCCCCCCCCCCCCCCC
AAACCCCCCCCCCCCCCCCCCCCCC
EEEEEEEEEEEEEEEEEEEEEEEEE
EEEEEEEEEEEEEEEEEEEEEEEEE
EEEEEEEEEEEEEEEEEEEEEEEEE
EEEEEEEEEEEEEEEEEEEEEEEEE
BBBBDDDDDDDDDDDDDDDDDDDDD
BBBBDDDDDDDDDDDDDDDDDDDDD
BBBBDDDDDDDDDDDDDDDDDDDDD
BBBBDDDDDDDDDDDDDDDDDDDDD
BBBBDDDDDDDDDDDDDDDDDDDDD
BBBBDDDDDDDDDDDDDDDDDDDDD
BBBBDDDDDDDDDDDDDDDDDDDDD
BBBBDDDDDDDDDDDDDDDDDDDDD
BBBBDDDDDDDDDDDDDDDDDDDDD
Case #60: 
AAAAAAAAACCCCCCCCCCCCCCCC
AAAAAAAAACCCCCCCCCCCCCCCC
AAAAAAAAACCCCCCCCCCCCCCCC
AAAAAAAAACCCCCCCCCCCCCCCC
AAAAAAAAACCCCCCCCCCCCCCCC
AAAAAAAAACCCCCCCCCCCCCCCC
EEEEEEEEEEEEEEEEEEEEEEEEE
EEEEEEEEEEEEEEEEEEEEEEEEE
EEEEEEEEEEEEEEEEEEEEEEEEE
EEEEEEEEEEEEEEEEEEEEEEEEE
BBBBBBBBBBDDDDDDDDDDDDDDD
BBBBBBBBBBDDDDDDDDDDDDDDD
BBBBBBBBBBDDDDDDDDDDDDDDD
BBBBBBBBBBDDDDDDDDDDDDDDD
BBBBBBBBBBDDDDDDDDDDDDDDD
BBBBBBBBBBDDDDDDDDDDDDDDD
BBBBBBBBBBDDDDDDDDDDDDDDD
BBBBBBBBBBDDDDDDDDDDDDDDD
BBBBBBBBBBDDDDDDDDDDDDDDD
BBBBBBBBBBDDDDDDDDDDDDDDD
BBBBBBBBBBDDDDDDDDDDDDDDD
BBBBBBBBBBDDDDDDDDDDDDDDD
BBBBBBBBBBDDDDDDDDDDDDDDD
BBBBBBBBBBDDDDDDDDDDDDDDD
BBBBBBBBBBDDDDDDDDDDDDDDD
Case #61: 
AAAAAAAAAABBBBBBBBBBBBBBB
AAAAAAAAAABBBBBBBBBBBBBBB
AAAAAAAAAABBBBBBBBBBBBBBB
AAAAAAAAAABBBBBBBBBBBBBBB
AAAAAAAAAABBBBBBBBBBBBBBB
CCCCCCCCCCCCCCCCCCCCCCCCC
DDDDDDDDDDDDDDDDDDDDDDDDD
EEEEEEEEEEEEEEEEEEEEEEEEE
EEEEEEEEEEEEEEEEEEEEEEEEE
EEEEEEEEEEEEEEEEEEEEEEEEE
EEEEEEEEEEEEEEEEEEEEEEEEE
EEEEEEEEEEEEEEEEEEEEEEEEE
EEEEEEEEEEEEEEEEEEEEEEEEE
EEEEEEEEEEEEEEEEEEEEEEEEE
EEEEEEEEEEEEEEEEEEEEEEEEE
FFFFFFFFFFFFFFFFFFFFFFHHH
JJJJJJJJJJJJJJJJJJJJJJJJJ
JJJJJJJJJJJJJJJJJJJJJJJJJ
JJJJJJJJJJJJJJJJJJJJJJJJJ
JJJJJJJJJJJJJJJJJJJJJJJJJ
GGGGGGGGGGGGGGGGGGGGGGGII
GGGGGGGGGGGGGGGGGGGGGGGII
GGGGGGGGGGGGGGGGGGGGGGGII
GGGGGGGGGGGGGGGGGGGGGGGII
GGGGGGGGGGGGGGGGGGGGGGGII
Case #62: 
TTTTTTTTTTTTTUUUUUUUUUUU
TTTTTTTTTTTTTUUUUUUUUUUU
TTTTTTTTTTTTTUUUUUUUUUUU
TTTTTTTTTTTTTUUUUUUUUUUU
GGGGGGGGGGGGGGGGGGGGGGGG
MMMMMMMMMMMMMQQQQQQQQQQQ
VVVVVVVVVVVSSSSSSSSSSSSS
EEEEEEEEEEEEEEEEEEEEEEEE
EEEEEEEEEEEEEEEEEEEEEEEE
JJJJJJJJJJJYYYYYYYYYYYYY
JJJJJJJJJJJYYYYYYYYYYYYY
JJJJJJJJJJJYYYYYYYYYYYYY
AAAAAAAAAAAAAAPPPPPPPPPP
LLLLLLLLLLLLLLLLLLLLLLLL
CCCCCCCCCCCCCCCCCCCCCCCC
OOOOOOOOOOOOOOOOOOOOBBBB
WWWWWWWWWWWWWWWWWWWWWNNN
WWWWWWWWWWWWWWWWWWWWWNNN
XXXXXXXXXXXXXXXXXXXXXXXX
DHHHHHRRRRRRRRRRRRRRRRRR
IIIIIIIIIIIIIIIIIIKKKKKK
IIIIIIIIIIIIIIIIIIKKKKKK
IIIIIIIIIIIIIIIIIIKKKKKK
IIIIIIIIIIIIIIIIIIKKKKKK
FFFFFFFFFFFFFFFFFFFFFFFF
Case #63: 
ABCDEFGHIJKLMNOPQRSTUVWXY
ABCDEFGHIJKLMNOPQRSTUVWXY
ABCDEFGHIJKLMNOPQRSTUVWXY
ABCDEFGHIJKLMNOPQRSTUVWXY
ABCDEFGHIJKLMNOPQRSTUVWXY
ABCDEFGHIJKLMNOPQRSTUVWXY
ABCDEFGHIJKLMNOPQRSTUVWXY
ABCDEFGHIJKLMNOPQRSTUVWXY
ABCDEFGHIJKLMNOPQRSTUVWXY
ABCDEFGHIJKLMNOPQRSTUVWXY
ABCDEFGHIJKLMNOPQRSTUVWXY
ABCDEFGHIJKLMNOPQRSTUVWXY
ABCDEFGHIJKLMNOPQRSTUVWXY
ABCDEFGHIJKLMNOPQRSTUVWXY
ABCDEFGHIJKLMNOPQRSTUVWXY
ABCDEFGHIJKLMNOPQRSTUVWXY
ABCDEFGHIJKLMNOPQRSTUVWXY
ABCDEFGHIJKLMNOPQRSTUVWXY
ABCDEFGHIJKLMNOPQRSTUVWXY
ABCDEFGHIJKLMNOPQRSTUVWXY
ABCDEFGHIJKLMNOPQRSTUVWXY
ABCDEFGHIJKLMNOPQRSTUVWXY
ABCDEFGHIJKLMNOPQRSTUVWXY
ABCDEFGHIJKLMNOPQRSTUVWXY
ABCDEFGHIJKLMNOPQRSTUVWXY
Case #64: 
TTTTTTTTTTTTTTTTTTTTTTTTT
TTTTTTTTTTTTTTTTTTTTTTTTT
BBBBBBBBBBBBBBBBBBBBBBBBB
BBBBBBBBBBBBBBBBBBBBBBBBB
KKKKKKKKKKKXXXJJJJJJJJJJJ
NNNNNNNNNNNNNNNNNNNNNNNNN
AAAAAAAAAMMMZZZZZZZZZZZZZ
RRRRRRRRRRRRRRRRRSSSSSSSS
FFFFFFFFYDDPPPPPWWWWWWWWW
UUUUUUUUUUUUQVVVVVVVVVVVV
HHHHHHHEEEEEECCCCCCCCCCCC
LLLLLLLLIIIIIIIIIIIIIIIII
GGGGGGGGGGGGGGGGGGGGGGGGG
OOOOOOOOOOOOOOOOOOOOOOOOO
OOOOOOOOOOOOOOOOOOOOOOOOO
OOOOOOOOOOOOOOOOOOOOOOOOO
OOOOOOOOOOOOOOOOOOOOOOOOO
OOOOOOOOOOOOOOOOOOOOOOOOO
OOOOOOOOOOOOOOOOOOOOOOOOO
OOOOOOOOOOOOOOOOOOOOOOOOO
OOOOOOOOOOOOOOOOOOOOOOOOO
OOOOOOOOOOOOOOOOOOOOOOOOO
OOOOOOOOOOOOOOOOOOOOOOOOO
OOOOOOOOOOOOOOOOOOOOOOOOO
OOOOOOOOOOOOOOOOOOOOOOOOO
Case #65: 
GGGGGGGGGGGGGGGGGGGGGGGGG
GGGGGGGGGGGGGGGGGGGGGGGGG
GGGGGGGGGGGGGGGGGGGGGGGGG
GGGGGGGGGGGGGGGGGGGGGGGGG
GGGGGGGGGGGGGGGGGGGGGGGGG
GGGGGGGGGGGGGGGGGGGGGGGGG
GGGGGGGGGGGGGGGGGGGGGGGGG
GGGGGGGGGGGGGGGGGGGGGGGGG
GGGGGGGGGGGGGGGGGGGGGGGGG
GGGGGGGGGGGGGGGGGGGGGGGGG
GGGGGGGGGGGGGGGGGGGGGGGGG
GGGGGGGGGGGGGGGGGGGGGGGGG
GGGGGGGGGGGGGGGGGGGGGGGGG
GGGGGGGGGGGGGGGGGGGGGGGGG
OOOOOOOOOOOOOOOOOOOVVVVVV
HHHHHHHHHHHHHHHHHBBBBBBBB
TTTTTTTTTTTTTTTTTTTTTTTTT
PPPPPPPPPPPPPPAAAAAAAAAAA
RRRRRRRRRRRRXXXXKKNNNSSMM
ZZZZZZZZZZZZZZZZZZZZZZZZZ
LLLLLLLLLLLLLLLLLLLLFDDDD
CCCCCCCCCCCCCCCCCEEIIIIII
WWWWWWWWWWWWWWYYYYJJJJJJJ
UUUUUUUUUUUUUUUUUUUUUUUUU
QQQQQQQQQQQQQQQQQQQQQQQQQ
Case #66: 
AAA
AAA
AAA
DDB
EEC
Case #67: 
ABCDEFGHIJKLMNOPQRSTUVWXY
ABCDEFGHIJKLMNOPQRSTUVWXY
ABCDEFGHIJKLMNOPQRSTUVWXY
ABCDEFGHIJKLMNOPQRSTUVWXY
ABCDEFGHIJKLMNOPQRSTUVWXY
ABCDEFGHIJKLMNOPQRSTUVWXY
ABCDEFGHIJKLMNOPQRSTUVWXY
ABCDEFGHIJKLMNOPQRSTUVWXY
ABCDEFGHIJKLMNOPQRSTUVWXY
ABCDEFGHIJKLMNOPQRSTUVWXY
ABCDEFGHIJKLMNOPQRSTUVWXY
ABCDEFGHIJKLMNOPQRSTUVWXY
ABCDEFGHIJKLMNOPQRSTUVWXY
ABCDEFGHIJKLMNOPQRSTUVWXY
ABCDEFGHIJKLMNOPQRSTUVWXY
ABCDEFGHIJKLMNOPQRSTUVWXY
ABCDEFGHIJKLMNOPQRSTUVWXY
ABCDEFGHIJKLMNOPQRSTUVWXY
ABCDEFGHIJKLMNOPQRSTUVWXY
ABCDEFGHIJKLMNOPQRSTUVWXY
ABCDEFGHIJKLMNOPQRSTUVWXY
ABCDEFGHIJKLMNOPQRSTUVWXY
ABCDEFGHIJKLMNOPQRSTUVWXY
ABCDEFGHIJKLMNOPQRSTUVWXY
ABCDEFGHIJKLMNOPQRSTUVWXY
Case #68: 
AAAAAAAAABBBBBBBBBBBBBBBB
AAAAAAAAABBBBBBBBBBBBBBBB
AAAAAAAAABBBBBBBBBBBBBBBB
AAAAAAAAABBBBBBBBBBBBBBBB
AAAAAAAAABBBBBBBBBBBBBBBB
AAAAAAAAABBBBBBBBBBBBBBBB
AAAAAAAAABBBBBBBBBBBBBBBB
AAAAAAAAABBBBBBBBBBBBBBBB
CCCCCCCCCCCCCCCCCCCCCCCCC
DDDDDDDDDDDDDDDDDDDDDDDDD
EEEEEEEEEEEEEEEEEEEEEEEEE
EEEEEEEEEEEEEEEEEEEEEEEEE
EEEEEEEEEEEEEEEEEEEEEEEEE
EEEEEEEEEEEEEEEEEEEEEEEEE
EEEEEEEEEEEEEEEEEEEEEEEEE
EEEEEEEEEEEEEEEEEEEEEEEEE
FFFFFFFFFFFFFFHHHHHHHHHHH
JJJJJJJJJJJJJJJJJJJJJJJJJ
JJJJJJJJJJJJJJJJJJJJJJJJJ
JJJJJJJJJJJJJJJJJJJJJJJJJ
JJJJJJJJJJJJJJJJJJJJJJJJJ
GGGGGGGGGGGGGGGIIIIIIIIII
GGGGGGGGGGGGGGGIIIIIIIIII
GGGGGGGGGGGGGGGIIIIIIIIII
GGGGGGGGGGGGGGGIIIIIIIIII
Case #69: 
VU
RW
OO
YZ
YZ
TT
TT
HH
JJ
MM
MM
QQ
KA
KA
CC
XX
BB
BB
BB
SE
SE
FP
IL
DD
NG
Case #70: 
ABCDEFGHIJKLMNOPQRSTUVWXY
ABCDEFGHIJKLMNOPQRSTUVWXY
ABCDEFGHIJKLMNOPQRSTUVWXY
ABCDEFGHIJKLMNOPQRSTUVWXY
ABCDEFGHIJKLMNOPQRSTUVWXY
ABCDEFGHIJKLMNOPQRSTUVWXY
ABCDEFGHIJKLMNOPQRSTUVWXY
ABCDEFGHIJKLMNOPQRSTUVWXY
ABCDEFGHIJKLMNOPQRSTUVWXY
ABCDEFGHIJKLMNOPQRSTUVWXY
ABCDEFGHIJKLMNOPQRSTUVWXY
ABCDEFGHIJKLMNOPQRSTUVWXY
ABCDEFGHIJKLMNOPQRSTUVWXY
ABCDEFGHIJKLMNOPQRSTUVWXY
ABCDEFGHIJKLMNOPQRSTUVWXY
ABCDEFGHIJKLMNOPQRSTUVWXY
ABCDEFGHIJKLMNOPQRSTUVWXY
ABCDEFGHIJKLMNOPQRSTUVWXY
ABCDEFGHIJKLMNOPQRSTUVWXY
ABCDEFGHIJKLMNOPQRSTUVWXY
ABCDEFGHIJKLMNOPQRSTUVWXY
ABCDEFGHIJKLMNOPQRSTUVWXY
ABCDEFGHIJKLMNOPQRSTUVWXY
ABCDEFGHIJKLMNOPQRSTUVWXY
ABCDEFGHIJKLMNOPQRSTUVWXY
Case #71: 
NNNNNNNNNNNNNNNARRRRRRRRR
NNNNNNNNNNNNNNNARRRRRRRRR
NNNNNNNNNNNNNNNARRRRRRRRR
NNNNNNNNNNNNNNNARRRRRRRRR
NNNNNNNNNNNNNNNARRRRRRRRR
NNNNNNNNNNNNNNNARRRRRRRRR
NNNNNNNNNNNNNNNARRRRRRRRR
NNNNNNNNNNNNNNNARRRRRRRRR
NNNNNNNNNNNNNNNARRRRRRRRR
NNNNNNNNNNNNNNNARRRRRRRRR
NNNNNNNNNNNNNNNARRRRRRRRR
NNNNNNNNNNNNNNNARRRRRRRRR
NNNNNNNNNNNNNNNARRRRRRRRR
BBBBBBBBBBBBBBBBBBBBBBBBB
SSSSSSSSSSSSSSSJJPFFFFFFF
KKKKKKKKKKKKKWWWWMMVVVVVV
LLLLLLLLLLLLLLLQZZDDDDDDD
HHHHHHHHHHHHHHHHHEEEEEEEE
YYYYYYYYYYYYYYYYYTTTTTTTT
OOOOOOOOOOOOOOOXIGGGGGGGG
CCCCCCCCCCCCCCCCUUUUUUUUU
CCCCCCCCCCCCCCCCUUUUUUUUU
CCCCCCCCCCCCCCCCUUUUUUUUU
CCCCCCCCCCCCCCCCUUUUUUUUU
CCCCCCCCCCCCCCCCUUUUUUUUU
Case #72: 
CEHJK
MLADD
FBNIG
Case #73: 
HHHHHHHHHHHHHHHHHHHHHHHHH
HHHHHHHHHHHHHHHHHHHHHHHHH
FFFFFFFFFFFFFFFFFFFFFFFFF
CCCCCCCCDDDDDDDDDDDDDDDSS
KKKKKKKKKKKKKKKKKKKKKKKKK
KKKKKKKKKKKKKKKKKKKKKKKKK
TTTTTTTTTTTTTTTTTTTTTTTTT
TTTTTTTTTTTTTTTTTTTTTTTTT
GGGGGGGGGGGGGGGGVVVVVVVVV
JJJJJJJJJJJJJJJJJJJJJJJJJ
UUUUUUUUUUUUUUUUUUUUMMMMM
PPPPPPPPPPPPPPPPPPPPPPPPP
AAAAAAAAAAAAAAAAAAAAAAAAA
AAAAAAAAAAAAAAAAAAAAAAAAA
BBBBBBBBBBBBBBBBBBBBBBBBB
YYYYYYYYYYYYYYYYYYYYYYYYY
QQQQQQQQQQQQQQQQQQQQQQQQQ
NNNNNNNNNNNNNNNNNNNNNNNNN
XXXXXXXXXXXXXXXXXXWWWWWWW
XXXXXXXXXXXXXXXXXXWWWWWWW
LLLLLLLLLLLLLLLLLLLLLLLLL
RRREEEEEEEEEEEEEEEEEEEEEE
OOOOOOOOOOOOIIIIIIIIIIIII
OOOOOOOOOOOOIIIIIIIIIIIII
Case #74: 
AAAAAAAAAAAAAAAAAAAAAAAUU
AAAAAAAAAAAAAAAAAAAAAAAUU
AAAAAAAAAAAAAAAAAAAAAAAUU
AAAAAAAAAAAAAAAAAAAAAAAUU
AAAAAAAAAAAAAAAAAAAAAAAUU
AAAAAAAAAAAAAAAAAAAAAAAUU
AAAAAAAAAAAAAAAAAAAAAAAUU
AAAAAAAAAAAAAAAAAAAAAAAUU
AAAAAAAAAAAAAAAAAAAAAAAUU
AAAAAAAAAAAAAAAAAAAAAAAUU
AAAAAAAAAAAAAAAAAAAAAAAUU
AAAAAAAAAAAAAAAAAAAAAAAUU
AAAAAAAAAAAAAAAAAAAAAAAUU
AAAAAAAAAAAAAAAAAAAAAAAUU
AAAAAAAAAAAAAAAAAAAAAAAUU
AAAAAAAAAAAAAAAAAAAAAAAUU
AAAAAAAAAAAAAAAAAAAAAAAUU
AAAAAAAAAAAAAAAAAAAAAAAUU
AAAAAAAAAAAAAAAAAAAAAAAUU
HHHHHHHHHHHHHHHHHHHHHHHPE
DDDDDDDDDDDDDDDDDDDDDDDTB
SSSSSSSSSSSSSSSSSSSSLFIZV
OOOOOOOOOOOOOOOOOJKKNNNCM
XXXXXXXXXXXXXXXXXXXXYYYRR
QQQQQQQQQQQQQQQQQQGGGGGGW
Case #75: 
AAAAAAAAAAAAAAAAAAAAAAAAA
BBBBBBBBBBBBBBBBBBBBBBBBB
CCCCCCCCCCCCCCCCCCCCCCCCC
DDDDDDDDDDDDDDDDDDDDDDDDD
EEEEEEEEEEEEEEEEEEEEEEEEE
FFFFFFFFFFFFFFFFFFFFFFFFF
GGGGGGGGGGGGGGGGGGGGGGGGG
HHHHHHHHHHHHHHHHHHHHHHHHH
IIIIIIIIIIIIIIIIIIIIIIIII
JJJJJJJJJJJJJJJJJJJJJJJJJ
KKKKKKKKKKKKKKKKKKKKKKKKK
LLLLLLLLLLLLLLLLLLLLLLLLL
MMMMMMMMMMMMMMMMMMMMMMMMM
NNNNNNNNNNNNNNNNNNNNNNNNN
OOOOOOOOOOOOOOOOOOOOOOOOO
PPPPPPPPPPPPPPPPPPPPPPPPP
QQQQQQQQQQQQQQQQQQQQQQQQQ
RRRRRRRRRRRRRRRRRRRRRRRRR
SSSSSSSSSSSSSSSSSSSSSSSSS
TTTTTTTTTTTTTTTTTTTTTTTTT
UUUUUUUUUUUUUUUUUUUUUUUUU
VVVVVVVVVVVVVVVVVVVVVVVVV
WWWWWWWWWWWWWWWWWWWWWWWWW
XXXXXXXXXXXXXXXXXXXXXXXXX
YYYYYYYYYYYYYYYYYYYYYYYYY
Case #76: 
A
Case #77: 
A
A
Case #78: 
CCCCCC
CCCCCC
CCCCCC
CCCCCC
BBBBEA
DDDDDD
Case #79: 
DDDDDDDDDDDDDDDDDDDDDDDDI
DDDDDDDDDDDDDDDDDDDDDDDDI
DDDDDDDDDDDDDDDDDDDDDDDDI
DDDDDDDDDDDDDDDDDDDDDDDDI
JJJJJJJJJJJJJJJJJJJJJJJOO
NNNNNNNNNNNNNNNNNNNNNNNNN
GGGGGGGGGGGGGGGGGGGGGGGGG
QQQQQQQQQQQQQQQQQQQQQQQQQ
RRRRRRRRRRRRRRRRRRRRRRRRR
EEEEEEEEEEEEEEEEEEEEEEEEE
VVVVVVVVVVVVVVVVVVVVVVVVV
VVVVVVVVVVVVVVVVVVVVVVVVV
CCCCCCCCCCCCCCCCCCCCCCCCS
CCCCCCCCCCCCCCCCCCCCCCCCS
AAAAAAAAAAAAAAAAAAAAAAAAA
KKKKKKKKKBBBBBBBBBBBBBBHH
TTTTTTTTTTTTTTTTTTTTTTTTT
LLLLLLLLLLLLLLLLLLLLLLLLL
LLLLLLLLLLLLLLLLLLLLLLLLL
YYYYYYYYYYYYYYYYYYYYYYYYY
YYYYYYYYYYYYYYYYYYYYYYYYY
MMMMMMMMMFFFFFFFFFFFFFFFF
XXXXXXXXXXXXXXXXXXXXXXXXX
PPPPPPPPPPPPPPPPZZZZZZZZZ
WWWWWWWWWWWWWWWWWUUUUUUUU
Case #80: 
FFFFFFFFFFFFFFFFFFFFFFFFF
FFFFFFFFFFFFFFFFFFFFFFFFF
FFFFFFFFFFFFFFFFFFFFFFFFF
FFFFFFFFFFFFFFFFFFFFFFFFF
FFFFFFFFFFFFFFFFFFFFFFFFF
FFFFFFFFFFFFFFFFFFFFFFFFF
FFFFFFFFFFFFFFFFFFFFFFFFF
FFFFFFFFFFFFFFFFFFFFFFFFF
FFFFFFFFFFFFFFFFFFFFFFFFF
FFFFFFFFFFFFFFFFFFFFFFFFF
FFFFFFFFFFFFFFFFFFFFFFFFF
FFFFFFFFFFFFFFFFFFFFFFFFF
FFFFFFFFFFFFFFFFFFFFFFFFF
SSSSSSSSSSSSSSSSSSSSSCCCC
LLLLLLLLLLLLLLLLLLLLLLLLL
LLLLLLLLLLLLLLLLLLLLLLLLL
DDDDDDDDDDDDDDDDDDDDDDDDJ
IIIIIIIIIIIIIIIIIIIIIIIAA
NNNNNNNNNNNNNNNNBBXXXMMMM
EEEEEEEEEEEEEEEEWWHHHZQQQ
PPPPPPPPPPPPPPPPPPPPPPPPP
VVVVVVVVVVVVVVVVVVVVOOOOO
GGGGGGGGGGGGGGGGGGGGGGKKT
UUUUUUUUUUUUUUUUUUYYYYYRR
UUUUUUUUUUUUUUUUUUYYYYYRR
Case #81: 
A
B
Case #82: 
KKKKKKKKKKKKKKKKKKKKKKKKK
KKKKKKKKKKKKKKKKKKKKKKKKK
MMMMMMMMMMMMMMMMMMMMMMMMM
MMMMMMMMMMMMMMMMMMMMMMMMM
BBBBBBBBBBBBBBBBBBBBBBBBB
NNNNNNNNNNNNNNNNNNNNNDDLL
NNNNNNNNNNNNNNNNNNNNNDDLL
NNNNNNNNNNNNNNNNNNNNNDDLL
NNNNNNNNNNNNNNNNNNNNNDDLL
JJJJJJJJJJJJJJJJJJJJJJJJJ
ZZZZZZZZZZZZZZZTTTTXXXEEE
CCCCCCCCCCCCCCCCCCCCCCCSY
FFFFFFFFFFFFFFFFFFFFFFFFF
GGGGGGGGGGGGGGGGGGRWAAAAA
GGGGGGGGGGGGGGGGGGRWAAAAA
GGGGGGGGGGGGGGGGGGRWAAAAA
IIIIIIIIIIIIIIIIIIIIIIIII
OOOOOOOOOOOOOOOOOOOOOOOOP
VVVVVVVVVVVVVVVVVVVVVVVVV
HHHHHHHHHHHHHHHHHHHHHHHHH
UUUUUUUUUUUUUUUUUUUUUUUUU
QQQQQQQQQQQQQQQQQQQQQQQQQ
QQQQQQQQQQQQQQQQQQQQQQQQQ
QQQQQQQQQQQQQQQQQQQQQQQQQ
QQQQQQQQQQQQQQQQQQQQQQQQQ
Case #83: 
BBBBBBEEEEEEEEEEEEEEEEEEE
BBBBBBEEEEEEEEEEEEEEEEEEE
BBBBBBEEEEEEEEEEEEEEEEEEE
BBBBBBEEEEEEEEEEEEEEEEEEE
BBBBBBEEEEEEEEEEEEEEEEEEE
BBBBBBEEEEEEEEEEEEEEEEEEE
BBBBBBEEEEEEEEEEEEEEEEEEE
BBBBBBEEEEEEEEEEEEEEEEEEE
BBBBBBEEEEEEEEEEEEEEEEEEE
BBBBBBEEEEEEEEEEEEEEEEEEE
BBBBBBEEEEEEEEEEEEEEEEEEE
BBBBBBEEEEEEEEEEEEEEEEEEE
BBBBBBEEEEEEEEEEEEEEEEEEE
BBBBBBEEEEEEEEEEEEEEEEEEE
BBBBBBEEEEEEEEEEEEEEEEEEE
BBBBBBEEEEEEEEEEEEEEEEEEE
BBBBBBEEEEEEEEEEEEEEEEEEE
BBBBBBEEEEEEEEEEEEEEEEEEE
BBBBBBEEEEEEEEEEEEEEEEEEE
BBBBBBEEEEEEEEEEEEEEEEEEE
UUUUUYKMMMMMMMMMMMMMMMMMM
QQQQQQQQQNNNNNNNNNNNNNNNN
PPPPPFTAAAAAAAAAAAAAAAAAA
LLLLLCOOOSDDDDDDDDDDDDDDD
VVVHIIGJWRZXXXXXXXXXXXXXX
Case #84: 
AAAAAAAAAAAAAAAAAAAAAAAAA
BBBBBBBBBBBBBBBBBBBBBBBBB
CCCCCCCCCCCCCCCCCCCCCCCCC
DDDDDDDDDDDDDDDDDDDDDDDDD
EEEEEEEEEEEEEEEEEEEEEEEEE
FFFFFFFFFFFFFFFFFFFFFFFFF
GGGGGGGGGGGGGGGGGGGGGGGGG
HHHHHHHHHHHHHHHHHHHHHHHHH
IIIIIIIIIIIIIIIIIIIIIIIII
JJJJJJJJJJJJJJJJJJJJJJJJJ
KKKKKKKKKKKKKKKKKKKKKKKKK
LLLLLLLLLLLLLLLLLLLLLLLLL
MMMMMMMMMMMMMMMMMMMMMMMMM
NNNNNNNNNNNNNNNNNNNNNNNNN
OOOOOOOOOOOOOOOOOOOOOOOOO
PPPPPPPPPPPPPPPPPPPPPPPPP
QQQQQQQQQQQQQQQQQQQQQQQQQ
RRRRRRRRRRRRRRRRRRRRRRRRR
SSSSSSSSSSSSSSSSSSSSSSSSS
TTTTTTTTTTTTTTTTTTTTTTTTT
UUUUUUUUUUUUUUUUUUUUUUUUU
VVVVVVVVVVVVVVVVVVVVVVVVV
WWWWWWWWWWWWWWWWWWWWWWWWW
XXXXXXXXXXXXXXXXXXXXXXXXX
YYYYYYYYYYYYYYYYYYYYYYYYY
Case #85: 
AAAAAAAAABBBBBBBBBBBBBBBB
AAAAAAAAABBBBBBBBBBBBBBBB
AAAAAAAAABBBBBBBBBBBBBBBB
AAAAAAAAABBBBBBBBBBBBBBBB
AAAAAAAAABBBBBBBBBBBBBBBB
AAAAAAAAABBBBBBBBBBBBBBBB
AAAAAAAAABBBBBBBBBBBBBBBB
AAAAAAAAABBBBBBBBBBBBBBBB
CCCCCCCCCCCCCCCCCCCCCCCCC
DDDDDDDDDDDDDDDDDDDDDDDDD
EEEEEEEEEEEEEEEEEEEEEEEEE
EEEEEEEEEEEEEEEEEEEEEEEEE
EEEEEEEEEEEEEEEEEEEEEEEEE
EEEEEEEEEEEEEEEEEEEEEEEEE
EEEEEEEEEEEEEEEEEEEEEEEEE
EEEEEEEEEEEEEEEEEEEEEEEEE
FFFFFFFFFFFFFFFFFFFFFFHHH
JJJJJJJJJJJJJJJJJJJJJJJJJ
JJJJJJJJJJJJJJJJJJJJJJJJJ
JJJJJJJJJJJJJJJJJJJJJJJJJ
JJJJJJJJJJJJJJJJJJJJJJJJJ
GGGGGGGGGGGGGGGGGGGGGGGII
GGGGGGGGGGGGGGGGGGGGGGGII
GGGGGGGGGGGGGGGGGGGGGGGII
GGGGGGGGGGGGGGGGGGGGGGGII
Case #86: 
AA
BC
Case #87: 
WWWGGKYYYYYYYYYYYYYYYYYYY
ZZZCPMBBEEEEEEEEEEEEEEEEE
HHHHHANNNNNNNNNNNNNNNNNNN
IIIIIIIRRRRRRRRRRRRRRRRRR
VVTSOOOOOOOOOOOOOOOOOOOOO
DDFQQQQQQQQQQQQQQQQQQQQQQ
JJJJJJJJJJJJJJJJJJJJJJJJJ
XXLLLLLLLLLLLLLLLLLLLLLLL
UUUUUUUUUUUUUUUUUUUUUUUUU
UUUUUUUUUUUUUUUUUUUUUUUUU
UUUUUUUUUUUUUUUUUUUUUUUUU
UUUUUUUUUUUUUUUUUUUUUUUUU
UUUUUUUUUUUUUUUUUUUUUUUUU
UUUUUUUUUUUUUUUUUUUUUUUUU
UUUUUUUUUUUUUUUUUUUUUUUUU
UUUUUUUUUUUUUUUUUUUUUUUUU
UUUUUUUUUUUUUUUUUUUUUUUUU
UUUUUUUUUUUUUUUUUUUUUUUUU
UUUUUUUUUUUUUUUUUUUUUUUUU
UUUUUUUUUUUUUUUUUUUUUUUUU
UUUUUUUUUUUUUUUUUUUUUUUUU
UUUUUUUUUUUUUUUUUUUUUUUUU
UUUUUUUUUUUUUUUUUUUUUUUUU
UUUUUUUUUUUUUUUUUUUUUUUUU
UUUUUUUUUUUUUUUUUUUUUUUUU
Case #88: 
QQQQQQQQQQQQQQQQQQQQQQQQQ
QQQQQQQQQQQQQQQQQQQQQQQQQ
QQQQQQQQQQQQQQQQQQQQQQQQQ
QQQQQQQQQQQQQQQQQQQQQQQQQ
QQQQQQQQQQQQQQQQQQQQQQQQQ
QQQQQQQQQQQQQQQQQQQQQQQQQ
QQQQQQQQQQQQQQQQQQQQQQQQQ
QQQQQQQQQQQQQQQQQQQQQQQQQ
QQQQQQQQQQQQQQQQQQQQQQQQQ
TTTTTTTTTTTTTTTTTTTTTTTTT
RRRXXXCCCCCCCCCCCCCCCCCCC
SSSSSSSSBBBBBBBBBBBBBBBBB
SSSSSSSSBBBBBBBBBBBBBBBBB
AAAAAAAAKDDDDDDDDDDDDDDDD
WWWWWWWWWWWWWWWWWWWWWWWWW
NNNNNNNNNNNNNNNNNNNNNNNNN
JIIIIVVVVUGGGGGGGGGGGGGGG
YYFFFFFFFFFFFFFFFFFFFFFFF
EEEEEPPPPPPPPPPPPPPPPPPPP
ZZZZZZZLLLLLLLLLLLLLLLLLL
OOOOOOOOOOOOOOOOOOOOOOOOO
MMMMMMMMMMMMMMMMMMMMMMMMM
HHHHHHHHHHHHHHHHHHHHHHHHH
HHHHHHHHHHHHHHHHHHHHHHHHH
HHHHHHHHHHHHHHHHHHHHHHHHH
Case #89: 
AAAAAAAAAACCCCCCCCCCCCCCC
AAAAAAAAAACCCCCCCCCCCCCCC
AAAAAAAAAACCCCCCCCCCCCCCC
AAAAAAAAAACCCCCCCCCCCCCCC
AAAAAAAAAACCCCCCCCCCCCCCC
AAAAAAAAAACCCCCCCCCCCCCCC
AAAAAAAAAACCCCCCCCCCCCCCC
EEEEEEEEEEEEEEEEEEEEEEEEE
EEEEEEEEEEEEEEEEEEEEEEEEE
EEEEEEEEEEEEEEEEEEEEEEEEE
EEEEEEEEEEEEEEEEEEEEEEEEE
BBBBBBBBBBBDDDDDDDDDDDDDD
BBBBBBBBBBBDDDDDDDDDDDDDD
BBBBBBBBBBBDDDDDDDDDDDDDD
BBBBBBBBBBBDDDDDDDDDDDDDD
BBBBBBBBBBBDDDDDDDDDDDDDD
BBBBBBBBBBBDDDDDDDDDDDDDD
BBBBBBBBBBBDDDDDDDDDDDDDD
BBBBBBBBBBBDDDDDDDDDDDDDD
BBBBBBBBBBBDDDDDDDDDDDDDD
BBBBBBBBBBBDDDDDDDDDDDDDD
BBBBBBBBBBBDDDDDDDDDDDDDD
BBBBBBBBBBBDDDDDDDDDDDDDD
BBBBBBBBBBBDDDDDDDDDDDDDD
BBBBBBBBBBBDDDDDDDDDDDDDD
Case #90: 
AB
Case #91: 
AAAAAAAAAAAAAAAABBBBBBBBB
AAAAAAAAAAAAAAAABBBBBBBBB
AAAAAAAAAAAAAAAABBBBBBBBB
AAAAAAAAAAAAAAAABBBBBBBBB
AAAAAAAAAAAAAAAABBBBBBBBB
AAAAAAAAAAAAAAAABBBBBBBBB
AAAAAAAAAAAAAAAABBBBBBBBB
AAAAAAAAAAAAAAAABBBBBBBBB
AAAAAAAAAAAAAAAABBBBBBBBB
AAAAAAAAAAAAAAAABBBBBBBBB
AAAAAAAAAAAAAAAABBBBBBBBB
CCCCCCCCCCCCCCCCCCCCCCCCC
DDDDDDDDDDDDDDDDDDDDDDDDD
EEEEEEEEEEEEEEEEEEEEEEEEE
EEEEEEEEEEEEEEEEEEEEEEEEE
EEEEEEEEEEEEEEEEEEEEEEEEE
EEEEEEEEEEEEEEEEEEEEEEEEE
EEEEEEEEEEEEEEEEEEEEEEEEE
EEEEEEEEEEEEEEEEEEEEEEEEE
EEEEEEEEEEEEEEEEEEEEEEEEE
EEEEEEEEEEEEEEEEEEEEEEEEE
EEEEEEEEEEEEEEEEEEEEEEEEE
EEEEEEEEEEEEEEEEEEEEEEEEE
EEEEEEEEEEEEEEEEEEEEEEEEE
EEEEEEEEEEEEEEEEEEEEEEEEE
Case #92: 
XXXXXXXXXXXXXXXXXXXXXXXXX
VVVVVVVVVVVVVVVVVVVVLLLLL
WWWWWWWWWWWWWWWWWWWWWWWWW
MMMMMMMMMMMMMMMMMMMMMMMMM
MMMMMMMMMMMMMMMMMMMMMMMMM
KKKKKKKKKKKKKKKKKKKKKKKKK
KKKKKKKKKKKKKKKKKKKKKKKKK
KKKKKKKKKKKKKKKKKKKKKKKKK
CCCCCEEEEEEEEEEEEEEEEEEEE
BBBBBBBBBBBBBBBBBBBBBTTTT
YYYYYYYYYYYYYYYYYYYYYYYYY
IIIIIIIIIIIIIIIIIIIIIIIII
IIIIIIIIIIIIIIIIIIIIIIIII
IIIIIIIIIIIIIIIIIIIIIIIII
DDDDDJJJJJJJJJJJJJJJJJJJJ
HPPPPPPPPPUUUUUUUUUUUUUUU
HPPPPPPPPPUUUUUUUUUUUUUUU
QQQQQQQQQQQQQQQQQQSOOOOOO
FFFFFFFFFFFFFFFFFFFFFFFFF
FFFFFFFFFFFFFFFFFFFFFFFFF
ZZZZZZZZZZZAAAAAAAAAAAAAA
ZZZZZZZZZZZAAAAAAAAAAAAAA
ZZZZZZZZZZZAAAAAAAAAAAAAA
RRRRRRRRRRRRNNNNNNNNNNNNN
GGGGGGGGGGGGGGGGGGGGGGGGG
Case #93: 
ZZZZZZZZZZZZYYYYYYYYYYYYY
ZZZZZZZZZZZZYYYYYYYYYYYYY
WWWWWWWWWWWWWWWWWWWWWWWWW
RRRRRRRRRRRRRRRRRRRRRRRRR
PPPPPPPPPPPPPPPPPPPPPPPPP
VVVVVVVVVVVVVVVVVVVVVVGGG
NNNNNNNNNNNNNNNNNNNNNNNNN
IIIIIIIIIIIIIIIIIIIIIIIII
AAAAAAAAAAAAAASSSSOOOOOOO
AAAAAAAAAAAAAASSSSOOOOOOO
AAAAAAAAAAAAAASSSSOOOOOOO
MMMMMMMMMMMMMMMMMMMMMMMMM
MMMMMMMMMMMMMMMMMMMMMMMMM
MMMMMMMMMMMMMMMMMMMMMMMMM
XXXXXXXXXXXXXXXXXXXXXXXXX
XXXXXXXXXXXXXXXXXXXXXXXXX
TTTTTTTTTBBBBBBBBBBBBBBBB
LLLLLLLLLLEEEEEEEEEEEEEEE
DDDDDDDDDDDDDDDDDDDDDDDDD
CCCCCCCCCCFFFFFFFFFFFFFFF
HHHHHHHHHHHHHHHHHHHHHHHKK
HHHHHHHHHHHHHHHHHHHHHHHKK
HHHHHHHHHHHHHHHHHHHHHHHKK
QQJJJJJJJJJJJJJJJJJJJJJJJ
UUUUUUUUUUUUUUUUUUUUUUUUU
Case #94: 
CCCCCCCCCCCCCCCCCCCCCCCCC
CCCCCCCCCCCCCCCCCCCCCCCCC
CCCCCCCCCCCCCCCCCCCCCCCCC
CCCCCCCCCCCCCCCCCCCCCCCCC
CCCCCCCCCCCCCCCCCCCCCCCCC
CCCCCCCCCCCCCCCCCCCCCCCCC
CCCCCCCCCCCCCCCCCCCCCCCCC
CCCCCCCCCCCCCCCCCCCCCCCCC
CCCCCCCCCCCCCCCCCCCCCCCCC
CCCCCCCCCCCCCCCCCCCCCCCCC
CCCCCCCCCCCCCCCCCCCCCCCCC
VVVVVVVVVVVVVVVVVVLLLLLLL
VVVVVVVVVVVVVVVVVVLLLLLLL
QQQQQQQQQQQQQQQQQOOOOOOOO
PPPPPPPPPPPPPPPPPJJJJJJJJ
YYYYYYYYYYYYYYYYYYYYYYYYY
FFFFFFFFFFFFFFFFUUUUUUUUU
MMMMMMMMMMMMMMMMXGGGGDDDZ
AAAAAAAAAAAAAAAAAAWWWWWHH
EEEEEEEEEEEEEEEEERRRRRRRK
BBBBBBBBBBBBBBBBBBBBNNTII
SSSSSSSSSSSSSSSSSSSSSSSSS
SSSSSSSSSSSSSSSSSSSSSSSSS
SSSSSSSSSSSSSSSSSSSSSSSSS
SSSSSSSSSSSSSSSSSSSSSSSSS
Case #95: 
AA
Case #96: 
AAAAAAAAAAAAAAAAAAAAAAABB
AAAAAAAAAAAAAAAAAAAAAAABB
AAAAAAAAAAAAAAAAAAAAAAABB
AAAAAAAAAAAAAAAAAAAAAAABB
AAAAAAAAAAAAAAAAAAAAAAABB
AAAAAAAAAAAAAAAAAAAAAAABB
AAAAAAAAAAAAAAAAAAAAAAABB
AAAAAAAAAAAAAAAAAAAAAAABB
AAAAAAAAAAAAAAAAAAAAAAABB
AAAAAAAAAAAAAAAAAAAAAAABB
AAAAAAAAAAAAAAAAAAAAAAABB
AAAAAAAAAAAAAAAAAAAAAAABB
AAAAAAAAAAAAAAAAAAAAAAABB
CCCCCCCCCCCCCCCCCCCCCCCCC
DDDDDDDDDDDDDDDDDDDDDDDDD
EEEEEEEEEEEEEEEEEEEEEEEEE
EEEEEEEEEEEEEEEEEEEEEEEEE
EEEEEEEEEEEEEEEEEEEEEEEEE
EEEEEEEEEEEEEEEEEEEEEEEEE
EEEEEEEEEEEEEEEEEEEEEEEEE
EEEEEEEEEEEEEEEEEEEEEEEEE
EEEEEEEEEEEEEEEEEEEEEEEEE
EEEEEEEEEEEEEEEEEEEEEEEEE
EEEEEEEEEEEEEEEEEEEEEEEEE
EEEEEEEEEEEEEEEEEEEEEEEEE
Case #97: 
HHHHHHHHHHHHOOOOOOOOOOOOO
HHHHHHHHHHHHOOOOOOOOOOOOO
AAAAAAAAAAAAAAAAAAAAAAAAA
XXXXXXXXXXXXXXXXXXXRRRRRR
YYYYYYYYYYYYYYYYYYYYYQQQQ
SSSSSSSSSSSSSSSSSSSSSSSSS
SSSSSSSSSSSSSSSSSSSSSSSSS
SSSSSSSSSSSSSSSSSSSSSSSSS
DDDDDDDDDDDDDDDDDDDDCCCCC
LLLLLLLLLLLLLLLLLLLPPPPPP
BBBBBBBBBBBBBBBBBBBBBBBBB
BBBBBBBBBBBBBBBBBBBBBBBBB
FFFFFFFFFFFFFFFFFFFFFFFFF
WWWWWWWWWWWWWWWWWWWWWWWWW
WWWWWWWWWWWWWWWWWWWWWWWWW
WWWWWWWWWWWWWWWWWWWWWWWWW
TTTTTTTTTTTTTTTTTTJJJJJJJ
EEEEEEEEEEEEEEEEEEEEEEEEE
EEEEEEEEEEEEEEEEEEEEEEEEE
VVVVVVVVVVVVVZZZZZZZZZZZZ
NNNNNNNNNNNNNNNNNNNNNNNNN
IIIIIIIIIIIIIIIIIIIIIIIII
MMMMMMMMMMMMMMMMMKGGGGGGG
UUUUUUUUUUUUUUUUUUUUUUUUU
UUUUUUUUUUUUUUUUUUUUUUUUU
Case #98: 
CCB
CCB
DDA
Case #99: 
AAAAACCCCCCCCCCCCCCCCCCCC
AAAAACCCCCCCCCCCCCCCCCCCC
AAAAACCCCCCCCCCCCCCCCCCCC
AAAAACCCCCCCCCCCCCCCCCCCC
EEEEEEEEEEEEEEEEEEEEEEEEE
EEEEEEEEEEEEEEEEEEEEEEEEE
EEEEEEEEEEEEEEEEEEEEEEEEE
EEEEEEEEEEEEEEEEEEEEEEEEE
BBBBBBDDDDDDDDDDDDDDDDDDD
BBBBBBDDDDDDDDDDDDDDDDDDD
BBBBBBDDDDDDDDDDDDDDDDDDD
BBBBBBDDDDDDDDDDDDDDDDDDD
BBBBBBDDDDDDDDDDDDDDDDDDD
BBBBBBDDDDDDDDDDDDDDDDDDD
BBBBBBDDDDDDDDDDDDDDDDDDD
BBBBBBDDDDDDDDDDDDDDDDDDD
BBBBBBDDDDDDDDDDDDDDDDDDD
BBBBBBDDDDDDDDDDDDDDDDDDD
BBBBBBDDDDDDDDDDDDDDDDDDD
BBBBBBDDDDDDDDDDDDDDDDDDD
BBBBBBDDDDDDDDDDDDDDDDDDD
BBBBBBDDDDDDDDDDDDDDDDDDD
BBBBBBDDDDDDDDDDDDDDDDDDD
BBBBBBDDDDDDDDDDDDDDDDDDD
BBBBBBDDDDDDDDDDDDDDDDDDD
Case #100: 
BBBBBBBBBBBBBBBBBBBBBBBBB
RRRRRRRRRRRRRRRRRRRRRRRRR
RRRRRRRRRRRRRRRRRRRRRRRRR
SSSSUEEEEEEEEEEEEEEEEEEEE
QQQQQQQQQQQQQQQQQQQQQQQQQ
PPPPPPPPPPPPPPPPPCCCGGGGG
HHHHHHHHHHHHHHHHHHHHHHHHH
HHHHHHHHHHHHHHHHHHHHHHHHH
NNNNNIIIIIIIIIAAAAAAAAAAA
NNNNNIIIIIIIIIAAAAAAAAAAA
VVVVVVVVVVVVVVVVVOOOOOOOO
DDDDDDDDDDDDDDDDDDDDDDDDD
DDDDDDDDDDDDDDDDDDDDDDDDD
XXXXXXXXXXXXXXXXXXXXXXXXJ
KKKKKKKKKKKKKKKKKKKKKKKKK
KKKKKKKKKKKKKKKKKKKKKKKKK
KKKKKKKKKKKKKKKKKKKKKKKKK
KKKKKKKKKKKKKKKKKKKKKKKKK
FFLLLLLLLYYYYYYYYYYYYYYYY
MMMMMMMMMMMMMMMMMMMMMMMMM
MMMMMMMMMMMMMMMMMMMMMMMMM
ZZZZZZZZZZZZZZZZZZZZZZZZZ
WWWWWWWWWWWWWWWWWWWWWWWWW
WWWWWWWWWWWWWWWWWWWWWWWWW
TTTTTTTTTTTTTTTTTTTTTTTTT
