Case #1: 
GGG
CCC
JJJ
Case #2: 
CODE
CODE
JJAM
Case #3: 
CA
KE
Case #4: 
AHGG
BFED
CCCC
Case #5: 
BBB
BBB
EDF
AAC
Case #6: 
EDBA
CCCC
CCCC
Case #7: 
DAC
HBE
FFG
III
Case #8: 
CCC
DDB
EEE
AAF
Case #9: 
DDDD
AABB
CCCE
Case #10: 
EEEE
BACC
DDDD
Case #11: 
AEE
AEE
FFC
DDB
Case #12: 
GAC
DBH
FEE
FEE
Case #13: 
CCJJ
CCJJ
CCJJ
Case #14: 
EEE
EEE
GDC
BAF
Case #15: 
CCC
CCC
BFA
DEE
Case #16: 
GBEI
FHCC
ADDD
Case #17: 
EEE
BAA
DDD
CCF
Case #18: 
HACC
EDBF
GJII
Case #19: 
AAB
CCC
DDE
FFF
Case #20: 
EEEE
BBGH
DFAC
Case #21: 
DA
BC
Case #22: 
BBEE
CCCC
DDAA
Case #23: 
AAAA
BBBB
CCCC
Case #24: 
AA
AA
AA
BB
Case #25: 
BBBA
BBBA
DDEC
Case #26: 
ECA
BBD
Case #27: 
DFF
CCE
CCE
BBA
Case #28: 
AABB
CCCD
EEFF
Case #29: 
BB
CA
Case #30: 
ACF
ACF
DEE
BBB
Case #31: 
AA
BB
Case #32: 
FFF
CCC
EEB
DDA
Case #33: 
AAB
CCC
DDD
EEF
Case #34: 
DDDB
AACE
AACE
Case #35: 
FABC
IHJD
KGEE
Case #36: 
ADC
BBB
Case #37: 
A
Case #38: 
EEEE
CCBB
DDFA
Case #39: 
ABC
DDD
EEE
Case #40: 
ABCD
ABCD
ABCD
Case #41: 
AA
BB
CC
DD
EE
FF
Case #42: 
BBBE
AACC
DDDD
Case #43: 
EEE
AAC
FFF
BBD
Case #44: 
ECFB
ADDD
ADDD
Case #45: 
BCC
AAA
EFF
DDD
Case #46: 
DDDD
BBBB
ECCA
Case #47: 
A
A
B
B
C
C
D
D
E
E
F
F
Case #48: 
AABBCCDDEEFF
Case #49: 
HCL
BDE
JAG
IFK
Case #50: 
BBE
BBE
CCC
FDA
Case #51: 
AAAA
BBBB
CCCC
Case #52: 
EFH
DKC
IAB
GGJ
Case #53: 
ABCD
ABCD
ABCD
Case #54: 
BGAD
CFFF
EEEE
Case #55: 
AAA
BBB
Case #56: 
JHA
BKF
LCG
DIE
Case #57: 
AA
Case #58: 
ECC
FGD
BAA
BAA
Case #59: 
DDDD
BBBE
AACC
Case #60: 
ABCD
ABCD
ABCD
Case #61: 
AA
AA
Case #62: 
AAAA
BBBB
CCCC
Case #63: 
BBBB
AFFF
DECC
Case #64: 
AAE
BBC
DDD
DDD
Case #65: 
A
B
Case #66: 
HLE
JAI
FDK
GBC
Case #67: 
AABBCC
DDDEEF
Case #68: 
ACCC
EEEE
BBDF
Case #69: 
EB
EB
DD
CA
CA
CA
Case #70: 
CCC
DDD
FEB
AAA
Case #71: 
AAA
AAA
Case #72: 
CCCC
AEEE
BFDD
Case #73: 
EEEE
DDDA
BBBC
Case #74: 
DCBB
EEEE
AAAA
Case #75: 
DDDC
DDDC
EBAA
Case #76: 
DCE
BBB
BBB
FFA
Case #77: 
CBD
AFJ
KHG
IEL
Case #78: 
BAC
Case #79: 
ADD
BBB
CCE
Case #80: 
CCA
DDB
EEE
FFF
Case #81: 
CCCB
AAAE
DDDD
Case #82: 
ABB
CCC
Case #83: 
DJG
CHL
EFA
IKB
Case #84: 
EEEE
DDDD
BCAA
Case #85: 
AFJ
EIG
CBH
DDD
Case #86: 
A
A
Case #87: 
BBBB
AAAA
Case #88: 
EEAD
BBBB
CCCC
Case #89: 
ECF
BBB
DDD
AAA
Case #90: 
AAA
Case #91: 
GGG
EEA
HHD
CFB
Case #92: 
EBAD
CCFF
CCFF
Case #93: 
KHFE
GJBI
DACL
Case #94: 
FBC
DEA
Case #95: 
DBE
ALH
IKG
JCF
Case #96: 
BBA
Case #97: 
EFCC
AGHB
KJDI
Case #98: 
AB
Case #99: 
AAAA
BBBB
CCCC
Case #100: 
EDAC
BBBB
BBBB
